<?xml version="1.0" encoding="UTF-8"?>
<coverage generated="1764613065838" clover="3.2.0">
  <project timestamp="1764613065838" name="All files">
    <metrics statements="264" coveredstatements="210" conditionals="191" coveredconditionals="136" methods="71" coveredmethods="51" elements="526" coveredelements="397" complexity="0" loc="264" ncloc="264" packages="1" files="8" classes="8"/>
    <file name="App.jsx" path="/Users/abha/Documents/Individual Study/ai-career-mentor/frontend/src/App.jsx">
      <metrics statements="204" coveredstatements="158" conditionals="160" coveredconditionals="113" methods="49" coveredmethods="30"/>
      <line num="10" count="31" type="stmt"/>
      <line num="11" count="31" type="stmt"/>
      <line num="12" count="31" type="stmt"/>
      <line num="13" count="31" type="stmt"/>
      <line num="14" count="31" type="stmt"/>
      <line num="15" count="31" type="stmt"/>
      <line num="16" count="31" type="stmt"/>
      <line num="17" count="31" type="stmt"/>
      <line num="18" count="31" type="stmt"/>
      <line num="19" count="31" type="stmt"/>
      <line num="20" count="31" type="stmt"/>
      <line num="21" count="31" type="stmt"/>
      <line num="22" count="31" type="stmt"/>
      <line num="23" count="31" type="stmt"/>
      <line num="24" count="31" type="stmt"/>
      <line num="26" count="31" type="stmt"/>
      <line num="27" count="31" type="stmt"/>
      <line num="29" count="31" type="stmt"/>
      <line num="35" count="31" type="stmt"/>
      <line num="36" count="31" type="stmt"/>
      <line num="39" count="31" type="stmt"/>
      <line num="40" count="17" type="cond" truecount="2" falsecount="0"/>
      <line num="41" count="4" type="stmt"/>
      <line num="42" count="0" type="cond" truecount="0" falsecount="2"/>
      <line num="44" count="4" type="stmt"/>
      <line num="47" count="31" type="stmt"/>
      <line num="48" count="0" type="stmt"/>
      <line num="49" count="0" type="stmt"/>
      <line num="50" count="0" type="stmt"/>
      <line num="54" count="31" type="stmt"/>
      <line num="55" count="21" type="cond" truecount="2" falsecount="0"/>
      <line num="56" count="18" type="stmt"/>
      <line num="57" count="18" type="stmt"/>
      <line num="58" count="18" type="stmt"/>
      <line num="59" count="18" type="stmt"/>
      <line num="60" count="18" type="cond" truecount="1" falsecount="1"/>
      <line num="61" count="18" type="stmt"/>
      <line num="62" count="18" type="cond" truecount="2" falsecount="2"/>
      <line num="63" count="0" type="stmt"/>
      <line num="65" count="18" type="stmt"/>
      <line num="67" count="18" type="cond" truecount="1" falsecount="1"/>
      <line num="68" count="0" type="stmt"/>
      <line num="70" count="18" type="stmt"/>
      <line num="73" count="18" type="stmt"/>
      <line num="74" count="18" type="stmt"/>
      <line num="75" count="18" type="stmt"/>
      <line num="76" count="18" type="cond" truecount="1" falsecount="1"/>
      <line num="77" count="0" type="stmt"/>
      <line num="79" count="18" type="cond" truecount="1" falsecount="1"/>
      <line num="80" count="0" type="stmt"/>
      <line num="81" count="0" type="stmt"/>
      <line num="83" count="18" type="stmt"/>
      <line num="86" count="18" type="cond" truecount="1" falsecount="1"/>
      <line num="87" count="18" type="stmt"/>
      <line num="90" count="31" type="stmt"/>
      <line num="91" count="1" type="stmt"/>
      <line num="92" count="1" type="stmt"/>
      <line num="93" count="1" type="stmt"/>
      <line num="94" count="1" type="stmt"/>
      <line num="96" count="31" type="stmt"/>
      <line num="97" count="0" type="stmt"/>
      <line num="98" count="0" type="stmt"/>
      <line num="99" count="0" type="cond" truecount="0" falsecount="4"/>
      <line num="100" count="0" type="stmt"/>
      <line num="101" count="0" type="stmt"/>
      <line num="102" count="0" type="stmt"/>
      <line num="103" count="0" type="stmt"/>
      <line num="106" count="31" type="stmt"/>
      <line num="107" count="10" type="cond" truecount="1" falsecount="1"/>
      <line num="108" count="0" type="stmt"/>
      <line num="112" count="31" type="stmt"/>
      <line num="113" count="18" type="cond" truecount="2" falsecount="0"/>
      <line num="116" count="9" type="cond" truecount="2" falsecount="2"/>
      <line num="117" count="9" type="stmt"/>
      <line num="124" count="31" type="stmt"/>
      <line num="125" count="5" type="stmt"/>
      <line num="126" count="5" type="stmt"/>
      <line num="128" count="5" type="stmt"/>
      <line num="129" count="5" type="cond" truecount="5" falsecount="0"/>
      <line num="130" count="1" type="stmt"/>
      <line num="131" count="1" type="stmt"/>
      <line num="134" count="4" type="stmt"/>
      <line num="136" count="4" type="stmt"/>
      <line num="137" count="4" type="stmt"/>
      <line num="138" count="4" type="stmt"/>
      <line num="139" count="4" type="stmt"/>
      <line num="140" count="4" type="stmt"/>
      <line num="141" count="4" type="stmt"/>
      <line num="142" count="4" type="stmt"/>
      <line num="143" count="4" type="stmt"/>
      <line num="145" count="4" type="stmt"/>
      <line num="146" count="4" type="stmt"/>
      <line num="147" count="4" type="stmt"/>
      <line num="148" count="4" type="stmt"/>
      <line num="149" count="4" type="stmt"/>
      <line num="150" count="4" type="stmt"/>
      <line num="153" count="4" type="stmt"/>
      <line num="154" count="4" type="stmt"/>
      <line num="159" count="3" type="stmt"/>
      <line num="160" count="3" type="stmt"/>
      <line num="161" count="3" type="stmt"/>
      <line num="163" count="3" type="stmt"/>
      <line num="164" count="12" type="stmt"/>
      <line num="165" count="12" type="cond" truecount="2" falsecount="0"/>
      <line num="166" count="9" type="stmt"/>
      <line num="168" count="9" type="stmt"/>
      <line num="169" count="9" type="stmt"/>
      <line num="171" count="9" type="stmt"/>
      <line num="172" count="9" type="cond" truecount="1" falsecount="1"/>
      <line num="173" count="9" type="stmt"/>
      <line num="174" count="9" type="cond" truecount="1" falsecount="1"/>
      <line num="176" count="9" type="stmt"/>
      <line num="177" count="9" type="stmt"/>
      <line num="178" count="9" type="stmt"/>
      <line num="179" count="9" type="cond" truecount="4" falsecount="1"/>
      <line num="180" count="9" type="stmt"/>
      <line num="183" count="9" type="cond" truecount="2" falsecount="0"/>
      <line num="184" count="9" type="cond" truecount="2" falsecount="0"/>
      <line num="185" count="9" type="cond" truecount="2" falsecount="0"/>
      <line num="190" count="1" type="stmt"/>
      <line num="192" count="4" type="stmt"/>
      <line num="196" count="31" type="stmt"/>
      <line num="197" count="1" type="stmt"/>
      <line num="198" count="1" type="stmt"/>
      <line num="199" count="1" type="stmt"/>
      <line num="201" count="1" type="stmt"/>
      <line num="202" count="3" type="stmt"/>
      <line num="203" count="3" type="cond" truecount="1" falsecount="1"/>
      <line num="206" count="3" type="cond" truecount="4" falsecount="0"/>
      <line num="207" count="1" type="cond" truecount="1" falsecount="1"/>
      <line num="208" count="1" type="stmt"/>
      <line num="215" count="2" type="cond" truecount="2" falsecount="2"/>
      <line num="216" count="2" type="cond" truecount="1" falsecount="1"/>
      <line num="220" count="0" type="cond" truecount="0" falsecount="2"/>
      <line num="224" count="1" type="cond" truecount="1" falsecount="1"/>
      <line num="225" count="1" type="stmt"/>
      <line num="230" count="31" type="stmt"/>
      <line num="231" count="2" type="stmt"/>
      <line num="232" count="1" type="cond" truecount="1" falsecount="1"/>
      <line num="235" count="31" type="stmt"/>
      <line num="236" count="1" type="cond" truecount="3" falsecount="1"/>
      <line num="238" count="1" type="stmt"/>
      <line num="239" count="1" type="stmt"/>
      <line num="240" count="1" type="stmt"/>
      <line num="241" count="1" type="stmt"/>
      <line num="243" count="1" type="stmt"/>
      <line num="245" count="1" type="stmt"/>
      <line num="246" count="1" type="stmt"/>
      <line num="254" count="1" type="stmt"/>
      <line num="255" count="2" type="stmt"/>
      <line num="257" count="2" type="cond" truecount="2" falsecount="0"/>
      <line num="258" count="1" type="stmt"/>
      <line num="259" count="1" type="stmt"/>
      <line num="260" count="1" type="stmt"/>
      <line num="261" count="1" type="stmt"/>
      <line num="262" count="1" type="stmt"/>
      <line num="266" count="2" type="cond" truecount="2" falsecount="0"/>
      <line num="267" count="1" type="stmt"/>
      <line num="268" count="1" type="stmt"/>
      <line num="270" count="1" type="stmt"/>
      <line num="271" count="1" type="stmt"/>
      <line num="275" count="1" type="stmt"/>
      <line num="276" count="0" type="stmt"/>
      <line num="277" count="0" type="stmt"/>
      <line num="280" count="1" type="stmt"/>
      <line num="281" count="0" type="stmt"/>
      <line num="286" count="31" type="cond" truecount="5" falsecount="0"/>
      <line num="292" count="31" type="stmt"/>
      <line num="293" count="0" type="stmt"/>
      <line num="302" count="31" type="stmt"/>
      <line num="303" count="0" type="stmt"/>
      <line num="305" count="0" type="stmt"/>
      <line num="306" count="0" type="stmt"/>
      <line num="307" count="0" type="stmt"/>
      <line num="309" count="0" type="stmt"/>
      <line num="310" count="0" type="cond" truecount="0" falsecount="4"/>
      <line num="312" count="0" type="cond" truecount="0" falsecount="2"/>
      <line num="313" count="0" type="stmt"/>
      <line num="319" count="0" type="stmt"/>
      <line num="320" count="0" type="stmt"/>
      <line num="321" count="0" type="cond" truecount="0" falsecount="4"/>
      <line num="322" count="0" type="stmt"/>
      <line num="327" count="0" type="cond" truecount="0" falsecount="2"/>
      <line num="328" count="0" type="stmt"/>
      <line num="335" count="0" type="stmt"/>
      <line num="337" count="31" type="stmt"/>
      <line num="371" count="5" type="stmt"/>
      <line num="378" count="4" type="stmt"/>
      <line num="386" count="0" type="stmt"/>
      <line num="396" count="0" type="stmt"/>
      <line num="425" count="0" type="stmt"/>
      <line num="432" count="0" type="stmt"/>
      <line num="440" count="0" type="stmt"/>
      <line num="450" count="0" type="stmt"/>
      <line num="485" count="1" type="stmt"/>
      <line num="499" count="0" type="stmt"/>
      <line num="513" count="0" type="stmt"/>
      <line num="540" count="0" type="stmt"/>
      <line num="576" count="2" type="stmt"/>
      <line num="577" count="44" type="stmt"/>
      <line num="579" count="44" type="stmt"/>
      <line num="580" count="44" type="cond" truecount="4" falsecount="0"/>
      <line num="581" count="42" type="stmt"/>
      <line num="585" count="44" type="stmt"/>
    </file>
    <file name="Home.jsx" path="/Users/abha/Documents/Individual Study/ai-career-mentor/frontend/src/Home.jsx">
      <metrics statements="1" coveredstatements="1" conditionals="0" coveredconditionals="0" methods="1" coveredmethods="1"/>
      <line num="4" count="1" type="stmt"/>
    </file>
    <file name="Login.jsx" path="/Users/abha/Documents/Individual Study/ai-career-mentor/frontend/src/Login.jsx">
      <metrics statements="15" coveredstatements="7" conditionals="8" coveredconditionals="0" methods="4" coveredmethods="3"/>
      <line num="7" count="14" type="stmt"/>
      <line num="8" count="14" type="stmt"/>
      <line num="9" count="14" type="stmt"/>
      <line num="11" count="14" type="stmt"/>
      <line num="12" count="0" type="stmt"/>
      <line num="13" count="0" type="cond" truecount="0" falsecount="4"/>
      <line num="14" count="0" type="stmt"/>
      <line num="15" count="0" type="stmt"/>
      <line num="16" count="0" type="cond" truecount="0" falsecount="2"/>
      <line num="17" count="0" type="stmt"/>
      <line num="18" count="0" type="stmt"/>
      <line num="21" count="0" type="cond" truecount="0" falsecount="2"/>
      <line num="25" count="14" type="stmt"/>
      <line num="48" count="4" type="stmt"/>
      <line num="55" count="4" type="stmt"/>
    </file>
    <file name="MainApp.jsx" path="/Users/abha/Documents/Individual Study/ai-career-mentor/frontend/src/MainApp.jsx">
      <metrics statements="1" coveredstatements="1" conditionals="0" coveredconditionals="0" methods="1" coveredmethods="1"/>
      <line num="9" count="7" type="stmt"/>
    </file>
    <file name="ProtectedRoute.jsx" path="/Users/abha/Documents/Individual Study/ai-career-mentor/frontend/src/ProtectedRoute.jsx">
      <metrics statements="5" coveredstatements="5" conditionals="2" coveredconditionals="2" methods="1" coveredmethods="1"/>
      <line num="4" count="2" type="stmt"/>
      <line num="5" count="2" type="stmt"/>
      <line num="6" count="2" type="cond" truecount="2" falsecount="0"/>
      <line num="8" count="1" type="stmt"/>
      <line num="10" count="1" type="stmt"/>
    </file>
    <file name="Signup.jsx" path="/Users/abha/Documents/Individual Study/ai-career-mentor/frontend/src/Signup.jsx">
      <metrics statements="16" coveredstatements="16" conditionals="7" coveredconditionals="7" methods="5" coveredmethods="5"/>
      <line num="7" count="18" type="stmt"/>
      <line num="8" count="18" type="stmt"/>
      <line num="9" count="18" type="stmt"/>
      <line num="10" count="18" type="stmt"/>
      <line num="12" count="18" type="stmt"/>
      <line num="13" count="4" type="stmt"/>
      <line num="14" count="4" type="cond" truecount="5" falsecount="0"/>
      <line num="15" count="3" type="stmt"/>
      <line num="16" count="3" type="stmt"/>
      <line num="17" count="1" type="stmt"/>
      <line num="18" count="1" type="stmt"/>
      <line num="20" count="2" type="cond" truecount="2" falsecount="0"/>
      <line num="24" count="18" type="stmt"/>
      <line num="42" count="4" type="stmt"/>
      <line num="46" count="4" type="stmt"/>
      <line num="50" count="4" type="stmt"/>
    </file>
    <file name="Timeline.jsx" path="/Users/abha/Documents/Individual Study/ai-career-mentor/frontend/src/Timeline.jsx">
      <metrics statements="10" coveredstatements="10" conditionals="14" coveredconditionals="14" methods="8" coveredmethods="8"/>
      <line num="4" count="10" type="stmt"/>
      <line num="6" count="10" type="cond" truecount="2" falsecount="0"/>
      <line num="8" count="10" type="stmt"/>
      <line num="14" count="28" type="stmt"/>
      <line num="16" count="28" type="stmt"/>
      <line num="23" count="3" type="stmt"/>
      <line num="29" count="4" type="stmt"/>
      <line num="39" count="1" type="stmt"/>
      <line num="50" count="1" type="stmt"/>
      <line num="56" count="4" type="stmt"/>
    </file>
    <file name="api.js" path="/Users/abha/Documents/Individual Study/ai-career-mentor/frontend/src/api.js">
      <metrics statements="12" coveredstatements="12" conditionals="0" coveredconditionals="0" methods="2" coveredmethods="2"/>
      <line num="4" count="3" type="stmt"/>
      <line num="6" count="3" type="stmt"/>
      <line num="8" count="1" type="stmt"/>
      <line num="9" count="1" type="stmt"/>
      <line num="10" count="1" type="stmt"/>
      <line num="11" count="1" type="stmt"/>
      <line num="13" count="1" type="stmt"/>
      <line num="16" count="3" type="stmt"/>
      <line num="17" count="1" type="stmt"/>
      <line num="18" count="1" type="stmt"/>
      <line num="19" count="1" type="stmt"/>
      <line num="21" count="1" type="stmt"/>
    </file>
  </project>
</coverage>
