{"/Users/abha/Documents/Individual Study/ai-career-mentor/frontend/src/App.jsx": {"path":"/Users/abha/Documents/Individual Study/ai-career-mentor/frontend/src/App.jsx","statementMap":{"0":{"start":{"line":10,"column":26},"end":{"line":10,"column":40}},"1":{"start":{"line":11,"column":38},"end":{"line":11,"column":50}},"2":{"start":{"line":12,"column":34},"end":{"line":12,"column":46}},"3":{"start":{"line":13,"column":30},"end":{"line":13,"column":42}},"4":{"start":{"line":14,"column":32},"end":{"line":14,"column":47}},"5":{"start":{"line":15,"column":32},"end":{"line":15,"column":44}},"6":{"start":{"line":16,"column":28},"end":{"line":16,"column":40}},"7":{"start":{"line":17,"column":44},"end":{"line":17,"column":56}},"8":{"start":{"line":18,"column":26},"end":{"line":18,"column":38}},"9":{"start":{"line":19,"column":36},"end":{"line":19,"column":88}},"10":{"start":{"line":20,"column":50},"end":{"line":20,"column":65}},"11":{"start":{"line":21,"column":40},"end":{"line":21,"column":55}},"12":{"start":{"line":22,"column":40},"end":{"line":22,"column":55}},"13":{"start":{"line":23,"column":44},"end":{"line":23,"column":56}},"14":{"start":{"line":24,"column":42},"end":{"line":24,"column":57}},"15":{"start":{"line":26,"column":32},"end":{"line":26,"column":44}},"16":{"start":{"line":27,"column":19},"end":{"line":27,"column":32}},"17":{"start":{"line":29,"column":19},"end":{"line":34,"column":3}},"18":{"start":{"line":35,"column":29},"end":{"line":35,"column":41}},"19":{"start":{"line":36,"column":17},"end":{"line":36,"column":29}},"20":{"start":{"line":39,"column":2},"end":{"line":45,"column":16}},"21":{"start":{"line":40,"column":4},"end":{"line":40,"column":25}},"22":{"start":{"line":40,"column":18},"end":{"line":40,"column":25}},"23":{"start":{"line":41,"column":21},"end":{"line":43,"column":11}},"24":{"start":{"line":42,"column":6},"end":{"line":42,"column":62}},"25":{"start":{"line":42,"column":25},"end":{"line":42,"column":59}},"26":{"start":{"line":44,"column":4},"end":{"line":44,"column":41}},"27":{"start":{"line":44,"column":17},"end":{"line":44,"column":40}},"28":{"start":{"line":47,"column":25},"end":{"line":51,"column":3}},"29":{"start":{"line":48,"column":4},"end":{"line":48,"column":26}},"30":{"start":{"line":49,"column":4},"end":{"line":49,"column":28}},"31":{"start":{"line":50,"column":4},"end":{"line":50,"column":27}},"32":{"start":{"line":54,"column":28},"end":{"line":88,"column":3}},"33":{"start":{"line":55,"column":4},"end":{"line":55,"column":27}},"34":{"start":{"line":55,"column":15},"end":{"line":55,"column":27}},"35":{"start":{"line":56,"column":18},"end":{"line":56,"column":34}},"36":{"start":{"line":57,"column":21},"end":{"line":57,"column":23}},"37":{"start":{"line":58,"column":4},"end":{"line":72,"column":7}},"38":{"start":{"line":59,"column":20},"end":{"line":59,"column":31}},"39":{"start":{"line":60,"column":6},"end":{"line":60,"column":27}},"40":{"start":{"line":60,"column":20},"end":{"line":60,"column":27}},"41":{"start":{"line":61,"column":20},"end":{"line":66,"column":8}},"42":{"start":{"line":62,"column":8},"end":{"line":64,"column":9}},"43":{"start":{"line":63,"column":10},"end":{"line":63,"column":62}},"44":{"start":{"line":65,"column":8},"end":{"line":65,"column":20}},"45":{"start":{"line":67,"column":6},"end":{"line":71,"column":7}},"46":{"start":{"line":68,"column":8},"end":{"line":68,"column":50}},"47":{"start":{"line":70,"column":8},"end":{"line":70,"column":48}},"48":{"start":{"line":73,"column":26},"end":{"line":73,"column":28}},"49":{"start":{"line":74,"column":17},"end":{"line":74,"column":19}},"50":{"start":{"line":75,"column":4},"end":{"line":85,"column":7}},"51":{"start":{"line":76,"column":6},"end":{"line":84,"column":7}},"52":{"start":{"line":77,"column":8},"end":{"line":77,"column":24}},"53":{"start":{"line":79,"column":8},"end":{"line":82,"column":9}},"54":{"start":{"line":80,"column":10},"end":{"line":80,"column":63}},"55":{"start":{"line":81,"column":10},"end":{"line":81,"column":22}},"56":{"start":{"line":83,"column":8},"end":{"line":83,"column":31}},"57":{"start":{"line":86,"column":4},"end":{"line":86,"column":73}},"58":{"start":{"line":86,"column":23},"end":{"line":86,"column":73}},"59":{"start":{"line":87,"column":4},"end":{"line":87,"column":25}},"60":{"start":{"line":90,"column":23},"end":{"line":95,"column":3}},"61":{"start":{"line":91,"column":4},"end":{"line":91,"column":37}},"62":{"start":{"line":92,"column":4},"end":{"line":92,"column":36}},"63":{"start":{"line":93,"column":4},"end":{"line":93,"column":38}},"64":{"start":{"line":94,"column":4},"end":{"line":94,"column":23}},"65":{"start":{"line":96,"column":23},"end":{"line":104,"column":3}},"66":{"start":{"line":97,"column":22},"end":{"line":97,"column":48}},"67":{"start":{"line":98,"column":15},"end":{"line":98,"column":38}},"68":{"start":{"line":99,"column":4},"end":{"line":99,"column":34}},"69":{"start":{"line":99,"column":27},"end":{"line":99,"column":34}},"70":{"start":{"line":100,"column":26},"end":{"line":100,"column":59}},"71":{"start":{"line":101,"column":19},"end":{"line":101,"column":45}},"72":{"start":{"line":102,"column":16},"end":{"line":102,"column":70}},"73":{"start":{"line":103,"column":4},"end":{"line":103,"column":75}},"74":{"start":{"line":106,"column":2},"end":{"line":110,"column":24}},"75":{"start":{"line":107,"column":4},"end":{"line":109,"column":5}},"76":{"start":{"line":108,"column":6},"end":{"line":108,"column":27}},"77":{"start":{"line":112,"column":2},"end":{"line":122,"column":42}},"78":{"start":{"line":113,"column":4},"end":{"line":113,"column":44}},"79":{"start":{"line":113,"column":37},"end":{"line":113,"column":44}},"80":{"start":{"line":116,"column":4},"end":{"line":121,"column":5}},"81":{"start":{"line":117,"column":6},"end":{"line":120,"column":9}},"82":{"start":{"line":124,"column":23},"end":{"line":194,"column":3}},"83":{"start":{"line":125,"column":4},"end":{"line":125,"column":26}},"84":{"start":{"line":126,"column":4},"end":{"line":126,"column":17}},"85":{"start":{"line":128,"column":25},"end":{"line":128,"column":55}},"86":{"start":{"line":129,"column":4},"end":{"line":132,"column":5}},"87":{"start":{"line":130,"column":6},"end":{"line":130,"column":69}},"88":{"start":{"line":131,"column":6},"end":{"line":131,"column":13}},"89":{"start":{"line":134,"column":4},"end":{"line":134,"column":28}},"90":{"start":{"line":136,"column":4},"end":{"line":136,"column":21}},"91":{"start":{"line":137,"column":4},"end":{"line":137,"column":19}},"92":{"start":{"line":138,"column":4},"end":{"line":138,"column":26}},"93":{"start":{"line":139,"column":4},"end":{"line":139,"column":25}},"94":{"start":{"line":140,"column":4},"end":{"line":140,"column":25}},"95":{"start":{"line":141,"column":4},"end":{"line":141,"column":31}},"96":{"start":{"line":142,"column":4},"end":{"line":142,"column":57}},"97":{"start":{"line":143,"column":4},"end":{"line":143,"column":25}},"98":{"start":{"line":145,"column":21},"end":{"line":145,"column":35}},"99":{"start":{"line":146,"column":4},"end":{"line":146,"column":34}},"100":{"start":{"line":147,"column":4},"end":{"line":147,"column":47}},"101":{"start":{"line":148,"column":4},"end":{"line":148,"column":42}},"102":{"start":{"line":149,"column":4},"end":{"line":149,"column":45}},"103":{"start":{"line":150,"column":4},"end":{"line":150,"column":40}},"104":{"start":{"line":153,"column":4},"end":{"line":193,"column":5}},"105":{"start":{"line":154,"column":18},"end":{"line":157,"column":8}},"106":{"start":{"line":159,"column":21},"end":{"line":159,"column":41}},"107":{"start":{"line":160,"column":22},"end":{"line":160,"column":46}},"108":{"start":{"line":161,"column":19},"end":{"line":161,"column":21}},"109":{"start":{"line":163,"column":6},"end":{"line":188,"column":7}},"110":{"start":{"line":164,"column":32},"end":{"line":164,"column":51}},"111":{"start":{"line":165,"column":8},"end":{"line":165,"column":24}},"112":{"start":{"line":165,"column":18},"end":{"line":165,"column":24}},"113":{"start":{"line":166,"column":8},"end":{"line":166,"column":58}},"114":{"start":{"line":168,"column":25},"end":{"line":168,"column":45}},"115":{"start":{"line":169,"column":8},"end":{"line":169,"column":32}},"116":{"start":{"line":171,"column":8},"end":{"line":187,"column":11}},"117":{"start":{"line":172,"column":10},"end":{"line":172,"column":47}},"118":{"start":{"line":172,"column":40},"end":{"line":172,"column":47}},"119":{"start":{"line":173,"column":23},"end":{"line":173,"column":56}},"120":{"start":{"line":174,"column":10},"end":{"line":174,"column":40}},"121":{"start":{"line":174,"column":33},"end":{"line":174,"column":40}},"122":{"start":{"line":176,"column":10},"end":{"line":186,"column":21}},"123":{"start":{"line":177,"column":25},"end":{"line":177,"column":41}},"124":{"start":{"line":178,"column":12},"end":{"line":178,"column":57}},"125":{"start":{"line":178,"column":34},"end":{"line":178,"column":54}},"126":{"start":{"line":179,"column":12},"end":{"line":181,"column":13}},"127":{"start":{"line":180,"column":14},"end":{"line":180,"column":35}},"128":{"start":{"line":183,"column":12},"end":{"line":183,"column":76}},"129":{"start":{"line":183,"column":29},"end":{"line":183,"column":76}},"130":{"start":{"line":183,"column":53},"end":{"line":183,"column":73}},"131":{"start":{"line":184,"column":12},"end":{"line":184,"column":74}},"132":{"start":{"line":184,"column":27},"end":{"line":184,"column":74}},"133":{"start":{"line":184,"column":51},"end":{"line":184,"column":71}},"134":{"start":{"line":185,"column":12},"end":{"line":185,"column":77}},"135":{"start":{"line":185,"column":30},"end":{"line":185,"column":77}},"136":{"start":{"line":185,"column":54},"end":{"line":185,"column":74}},"137":{"start":{"line":190,"column":6},"end":{"line":190,"column":59}},"138":{"start":{"line":192,"column":6},"end":{"line":192,"column":24}},"139":{"start":{"line":196,"column":34},"end":{"line":226,"column":3}},"140":{"start":{"line":197,"column":18},"end":{"line":197,"column":34}},"141":{"start":{"line":198,"column":18},"end":{"line":198,"column":20}},"142":{"start":{"line":199,"column":22},"end":{"line":199,"column":26}},"143":{"start":{"line":201,"column":4},"end":{"line":222,"column":7}},"144":{"start":{"line":202,"column":22},"end":{"line":202,"column":33}},"145":{"start":{"line":203,"column":6},"end":{"line":203,"column":27}},"146":{"start":{"line":203,"column":20},"end":{"line":203,"column":27}},"147":{"start":{"line":206,"column":6},"end":{"line":221,"column":7}},"148":{"start":{"line":207,"column":8},"end":{"line":207,"column":49}},"149":{"start":{"line":207,"column":25},"end":{"line":207,"column":49}},"150":{"start":{"line":208,"column":8},"end":{"line":212,"column":10}},"151":{"start":{"line":215,"column":11},"end":{"line":221,"column":7}},"152":{"start":{"line":216,"column":8},"end":{"line":216,"column":79}},"153":{"start":{"line":216,"column":25},"end":{"line":216,"column":79}},"154":{"start":{"line":220,"column":8},"end":{"line":220,"column":63}},"155":{"start":{"line":220,"column":25},"end":{"line":220,"column":63}},"156":{"start":{"line":224,"column":4},"end":{"line":224,"column":45}},"157":{"start":{"line":224,"column":21},"end":{"line":224,"column":45}},"158":{"start":{"line":225,"column":4},"end":{"line":225,"column":17}},"159":{"start":{"line":230,"column":21},"end":{"line":233,"column":3}},"160":{"start":{"line":231,"column":4},"end":{"line":231,"column":63}},"161":{"start":{"line":231,"column":28},"end":{"line":231,"column":60}},"162":{"start":{"line":232,"column":4},"end":{"line":232,"column":45}},"163":{"start":{"line":232,"column":26},"end":{"line":232,"column":45}},"164":{"start":{"line":235,"column":30},"end":{"line":283,"column":3}},"165":{"start":{"line":236,"column":4},"end":{"line":236,"column":47}},"166":{"start":{"line":236,"column":40},"end":{"line":236,"column":47}},"167":{"start":{"line":238,"column":4},"end":{"line":238,"column":25}},"168":{"start":{"line":239,"column":4},"end":{"line":239,"column":25}},"169":{"start":{"line":240,"column":4},"end":{"line":240,"column":30}},"170":{"start":{"line":241,"column":4},"end":{"line":241,"column":26}},"171":{"start":{"line":243,"column":15},"end":{"line":243,"column":62}},"172":{"start":{"line":245,"column":4},"end":{"line":252,"column":6}},"173":{"start":{"line":246,"column":6},"end":{"line":251,"column":10}},"174":{"start":{"line":254,"column":4},"end":{"line":273,"column":6}},"175":{"start":{"line":255,"column":19},"end":{"line":255,"column":41}},"176":{"start":{"line":257,"column":6},"end":{"line":264,"column":7}},"177":{"start":{"line":258,"column":8},"end":{"line":263,"column":11}},"178":{"start":{"line":259,"column":26},"end":{"line":259,"column":43}},"179":{"start":{"line":260,"column":25},"end":{"line":260,"column":57}},"180":{"start":{"line":261,"column":10},"end":{"line":261,"column":35}},"181":{"start":{"line":262,"column":10},"end":{"line":262,"column":25}},"182":{"start":{"line":266,"column":6},"end":{"line":272,"column":7}},"183":{"start":{"line":267,"column":8},"end":{"line":267,"column":35}},"184":{"start":{"line":268,"column":8},"end":{"line":268,"column":29}},"185":{"start":{"line":270,"column":8},"end":{"line":270,"column":68}},"186":{"start":{"line":270,"column":30},"end":{"line":270,"column":65}},"187":{"start":{"line":271,"column":8},"end":{"line":271,"column":19}},"188":{"start":{"line":275,"column":4},"end":{"line":278,"column":6}},"189":{"start":{"line":276,"column":6},"end":{"line":276,"column":45}},"190":{"start":{"line":277,"column":6},"end":{"line":277,"column":33}},"191":{"start":{"line":280,"column":4},"end":{"line":282,"column":6}},"192":{"start":{"line":281,"column":6},"end":{"line":281,"column":33}},"193":{"start":{"line":286,"column":27},"end":{"line":290,"column":16}},"194":{"start":{"line":292,"column":26},"end":{"line":300,"column":3}},"195":{"start":{"line":293,"column":4},"end":{"line":299,"column":10}},"196":{"start":{"line":302,"column":33},"end":{"line":336,"column":3}},"197":{"start":{"line":303,"column":18},"end":{"line":303,"column":55}},"198":{"start":{"line":303,"column":46},"end":{"line":303,"column":54}},"199":{"start":{"line":305,"column":18},"end":{"line":305,"column":20}},"200":{"start":{"line":306,"column":23},"end":{"line":306,"column":25}},"201":{"start":{"line":307,"column":22},"end":{"line":307,"column":24}},"202":{"start":{"line":309,"column":4},"end":{"line":324,"column":7}},"203":{"start":{"line":310,"column":6},"end":{"line":323,"column":7}},"204":{"start":{"line":312,"column":8},"end":{"line":318,"column":9}},"205":{"start":{"line":313,"column":10},"end":{"line":317,"column":13}},"206":{"start":{"line":319,"column":8},"end":{"line":319,"column":49}},"207":{"start":{"line":320,"column":8},"end":{"line":320,"column":25}},"208":{"start":{"line":321,"column":13},"end":{"line":323,"column":7}},"209":{"start":{"line":322,"column":8},"end":{"line":322,"column":50}},"210":{"start":{"line":327,"column":4},"end":{"line":333,"column":5}},"211":{"start":{"line":328,"column":6},"end":{"line":332,"column":9}},"212":{"start":{"line":335,"column":4},"end":{"line":335,"column":17}},"213":{"start":{"line":337,"column":2},"end":{"line":572,"column":4}},"214":{"start":{"line":371,"column":96},"end":{"line":371,"column":122}},"215":{"start":{"line":378,"column":33},"end":{"line":378,"column":62}},"216":{"start":{"line":386,"column":33},"end":{"line":386,"column":59}},"217":{"start":{"line":396,"column":35},"end":{"line":396,"column":62}},"218":{"start":{"line":425,"column":96},"end":{"line":425,"column":122}},"219":{"start":{"line":432,"column":33},"end":{"line":432,"column":62}},"220":{"start":{"line":440,"column":33},"end":{"line":440,"column":59}},"221":{"start":{"line":450,"column":35},"end":{"line":450,"column":62}},"222":{"start":{"line":485,"column":32},"end":{"line":485,"column":45}},"223":{"start":{"line":499,"column":32},"end":{"line":499,"column":45}},"224":{"start":{"line":513,"column":32},"end":{"line":513,"column":45}},"225":{"start":{"line":540,"column":32},"end":{"line":540,"column":45}},"226":{"start":{"line":576,"column":22},"end":{"line":604,"column":2}},"227":{"start":{"line":577,"column":21},"end":{"line":577,"column":33}},"228":{"start":{"line":579,"column":2},"end":{"line":583,"column":22}},"229":{"start":{"line":580,"column":4},"end":{"line":582,"column":5}},"230":{"start":{"line":581,"column":6},"end":{"line":581,"column":69}},"231":{"start":{"line":585,"column":2},"end":{"line":603,"column":4}}},"fnMap":{"0":{"name":"App","decl":{"start":{"line":9,"column":24},"end":{"line":9,"column":27}},"loc":{"start":{"line":9,"column":30},"end":{"line":573,"column":1}},"line":9},"1":{"name":"(anonymous_1)","decl":{"start":{"line":39,"column":12},"end":{"line":39,"column":13}},"loc":{"start":{"line":39,"column":18},"end":{"line":45,"column":3}},"line":39},"2":{"name":"(anonymous_2)","decl":{"start":{"line":41,"column":33},"end":{"line":41,"column":34}},"loc":{"start":{"line":41,"column":39},"end":{"line":43,"column":5}},"line":41},"3":{"name":"(anonymous_3)","decl":{"start":{"line":42,"column":14},"end":{"line":42,"column":15}},"loc":{"start":{"line":42,"column":25},"end":{"line":42,"column":59}},"line":42},"4":{"name":"(anonymous_4)","decl":{"start":{"line":44,"column":11},"end":{"line":44,"column":12}},"loc":{"start":{"line":44,"column":17},"end":{"line":44,"column":40}},"line":44},"5":{"name":"(anonymous_5)","decl":{"start":{"line":47,"column":25},"end":{"line":47,"column":26}},"loc":{"start":{"line":47,"column":37},"end":{"line":51,"column":3}},"line":47},"6":{"name":"(anonymous_6)","decl":{"start":{"line":54,"column":28},"end":{"line":54,"column":29}},"loc":{"start":{"line":54,"column":38},"end":{"line":88,"column":3}},"line":54},"7":{"name":"(anonymous_7)","decl":{"start":{"line":58,"column":18},"end":{"line":58,"column":19}},"loc":{"start":{"line":58,"column":33},"end":{"line":72,"column":5}},"line":58},"8":{"name":"(anonymous_8)","decl":{"start":{"line":61,"column":56},"end":{"line":61,"column":57}},"loc":{"start":{"line":61,"column":69},"end":{"line":66,"column":7}},"line":61},"9":{"name":"(anonymous_9)","decl":{"start":{"line":75,"column":21},"end":{"line":75,"column":22}},"loc":{"start":{"line":75,"column":32},"end":{"line":85,"column":5}},"line":75},"10":{"name":"(anonymous_10)","decl":{"start":{"line":90,"column":23},"end":{"line":90,"column":24}},"loc":{"start":{"line":90,"column":29},"end":{"line":95,"column":3}},"line":90},"11":{"name":"(anonymous_11)","decl":{"start":{"line":96,"column":23},"end":{"line":96,"column":24}},"loc":{"start":{"line":96,"column":33},"end":{"line":104,"column":3}},"line":96},"12":{"name":"(anonymous_12)","decl":{"start":{"line":106,"column":12},"end":{"line":106,"column":13}},"loc":{"start":{"line":106,"column":18},"end":{"line":110,"column":3}},"line":106},"13":{"name":"(anonymous_13)","decl":{"start":{"line":112,"column":12},"end":{"line":112,"column":13}},"loc":{"start":{"line":112,"column":18},"end":{"line":122,"column":3}},"line":112},"14":{"name":"(anonymous_14)","decl":{"start":{"line":124,"column":23},"end":{"line":124,"column":24}},"loc":{"start":{"line":124,"column":36},"end":{"line":194,"column":3}},"line":124},"15":{"name":"(anonymous_15)","decl":{"start":{"line":171,"column":25},"end":{"line":171,"column":26}},"loc":{"start":{"line":171,"column":34},"end":{"line":187,"column":9}},"line":171},"16":{"name":"(anonymous_16)","decl":{"start":{"line":178,"column":23},"end":{"line":178,"column":24}},"loc":{"start":{"line":178,"column":34},"end":{"line":178,"column":54}},"line":178},"17":{"name":"(anonymous_17)","decl":{"start":{"line":183,"column":42},"end":{"line":183,"column":43}},"loc":{"start":{"line":183,"column":53},"end":{"line":183,"column":73}},"line":183},"18":{"name":"(anonymous_18)","decl":{"start":{"line":184,"column":40},"end":{"line":184,"column":41}},"loc":{"start":{"line":184,"column":51},"end":{"line":184,"column":71}},"line":184},"19":{"name":"(anonymous_19)","decl":{"start":{"line":185,"column":43},"end":{"line":185,"column":44}},"loc":{"start":{"line":185,"column":54},"end":{"line":185,"column":74}},"line":185},"20":{"name":"(anonymous_20)","decl":{"start":{"line":196,"column":34},"end":{"line":196,"column":35}},"loc":{"start":{"line":196,"column":44},"end":{"line":226,"column":3}},"line":196},"21":{"name":"(anonymous_21)","decl":{"start":{"line":201,"column":18},"end":{"line":201,"column":19}},"loc":{"start":{"line":201,"column":28},"end":{"line":222,"column":5}},"line":201},"22":{"name":"(anonymous_22)","decl":{"start":{"line":230,"column":21},"end":{"line":230,"column":22}},"loc":{"start":{"line":230,"column":31},"end":{"line":233,"column":3}},"line":230},"23":{"name":"(anonymous_23)","decl":{"start":{"line":231,"column":17},"end":{"line":231,"column":18}},"loc":{"start":{"line":231,"column":28},"end":{"line":231,"column":60}},"line":231},"24":{"name":"(anonymous_24)","decl":{"start":{"line":235,"column":30},"end":{"line":235,"column":31}},"loc":{"start":{"line":235,"column":36},"end":{"line":283,"column":3}},"line":235},"25":{"name":"(anonymous_25)","decl":{"start":{"line":245,"column":16},"end":{"line":245,"column":17}},"loc":{"start":{"line":245,"column":22},"end":{"line":252,"column":5}},"line":245},"26":{"name":"(anonymous_26)","decl":{"start":{"line":254,"column":19},"end":{"line":254,"column":20}},"loc":{"start":{"line":254,"column":30},"end":{"line":273,"column":5}},"line":254},"27":{"name":"(anonymous_27)","decl":{"start":{"line":258,"column":25},"end":{"line":258,"column":26}},"loc":{"start":{"line":258,"column":35},"end":{"line":263,"column":9}},"line":258},"28":{"name":"(anonymous_28)","decl":{"start":{"line":270,"column":19},"end":{"line":270,"column":20}},"loc":{"start":{"line":270,"column":30},"end":{"line":270,"column":65}},"line":270},"29":{"name":"(anonymous_29)","decl":{"start":{"line":275,"column":17},"end":{"line":275,"column":18}},"loc":{"start":{"line":275,"column":26},"end":{"line":278,"column":5}},"line":275},"30":{"name":"(anonymous_30)","decl":{"start":{"line":280,"column":17},"end":{"line":280,"column":18}},"loc":{"start":{"line":280,"column":23},"end":{"line":282,"column":5}},"line":280},"31":{"name":"(anonymous_31)","decl":{"start":{"line":292,"column":26},"end":{"line":292,"column":27}},"loc":{"start":{"line":293,"column":4},"end":{"line":299,"column":10}},"line":293},"32":{"name":"(anonymous_32)","decl":{"start":{"line":302,"column":33},"end":{"line":302,"column":34}},"loc":{"start":{"line":302,"column":43},"end":{"line":336,"column":3}},"line":302},"33":{"name":"(anonymous_33)","decl":{"start":{"line":303,"column":39},"end":{"line":303,"column":40}},"loc":{"start":{"line":303,"column":46},"end":{"line":303,"column":54}},"line":303},"34":{"name":"(anonymous_34)","decl":{"start":{"line":309,"column":18},"end":{"line":309,"column":19}},"loc":{"start":{"line":309,"column":28},"end":{"line":324,"column":5}},"line":309},"35":{"name":"(anonymous_35)","decl":{"start":{"line":371,"column":89},"end":{"line":371,"column":90}},"loc":{"start":{"line":371,"column":96},"end":{"line":371,"column":122}},"line":371},"36":{"name":"(anonymous_36)","decl":{"start":{"line":378,"column":26},"end":{"line":378,"column":27}},"loc":{"start":{"line":378,"column":33},"end":{"line":378,"column":62}},"line":378},"37":{"name":"(anonymous_37)","decl":{"start":{"line":386,"column":26},"end":{"line":386,"column":27}},"loc":{"start":{"line":386,"column":33},"end":{"line":386,"column":59}},"line":386},"38":{"name":"(anonymous_38)","decl":{"start":{"line":396,"column":28},"end":{"line":396,"column":29}},"loc":{"start":{"line":396,"column":35},"end":{"line":396,"column":62}},"line":396},"39":{"name":"(anonymous_39)","decl":{"start":{"line":425,"column":89},"end":{"line":425,"column":90}},"loc":{"start":{"line":425,"column":96},"end":{"line":425,"column":122}},"line":425},"40":{"name":"(anonymous_40)","decl":{"start":{"line":432,"column":26},"end":{"line":432,"column":27}},"loc":{"start":{"line":432,"column":33},"end":{"line":432,"column":62}},"line":432},"41":{"name":"(anonymous_41)","decl":{"start":{"line":440,"column":26},"end":{"line":440,"column":27}},"loc":{"start":{"line":440,"column":33},"end":{"line":440,"column":59}},"line":440},"42":{"name":"(anonymous_42)","decl":{"start":{"line":450,"column":28},"end":{"line":450,"column":29}},"loc":{"start":{"line":450,"column":35},"end":{"line":450,"column":62}},"line":450},"43":{"name":"(anonymous_43)","decl":{"start":{"line":485,"column":26},"end":{"line":485,"column":27}},"loc":{"start":{"line":485,"column":32},"end":{"line":485,"column":45}},"line":485},"44":{"name":"(anonymous_44)","decl":{"start":{"line":499,"column":26},"end":{"line":499,"column":27}},"loc":{"start":{"line":499,"column":32},"end":{"line":499,"column":45}},"line":499},"45":{"name":"(anonymous_45)","decl":{"start":{"line":513,"column":26},"end":{"line":513,"column":27}},"loc":{"start":{"line":513,"column":32},"end":{"line":513,"column":45}},"line":513},"46":{"name":"(anonymous_46)","decl":{"start":{"line":540,"column":26},"end":{"line":540,"column":27}},"loc":{"start":{"line":540,"column":32},"end":{"line":540,"column":45}},"line":540},"47":{"name":"(anonymous_47)","decl":{"start":{"line":576,"column":39},"end":{"line":576,"column":40}},"loc":{"start":{"line":576,"column":101},"end":{"line":604,"column":1}},"line":576},"48":{"name":"(anonymous_48)","decl":{"start":{"line":579,"column":12},"end":{"line":579,"column":13}},"loc":{"start":{"line":579,"column":18},"end":{"line":583,"column":3}},"line":579}},"branchMap":{"0":{"loc":{"start":{"line":40,"column":4},"end":{"line":40,"column":25}},"type":"if","locations":[{"start":{"line":40,"column":4},"end":{"line":40,"column":25}},{"start":{},"end":{}}],"line":40},"1":{"loc":{"start":{"line":42,"column":25},"end":{"line":42,"column":59}},"type":"cond-expr","locations":[{"start":{"line":42,"column":44},"end":{"line":42,"column":46}},{"start":{"line":42,"column":49},"end":{"line":42,"column":59}}],"line":42},"2":{"loc":{"start":{"line":55,"column":4},"end":{"line":55,"column":27}},"type":"if","locations":[{"start":{"line":55,"column":4},"end":{"line":55,"column":27}},{"start":{},"end":{}}],"line":55},"3":{"loc":{"start":{"line":60,"column":6},"end":{"line":60,"column":27}},"type":"if","locations":[{"start":{"line":60,"column":6},"end":{"line":60,"column":27}},{"start":{},"end":{}}],"line":60},"4":{"loc":{"start":{"line":62,"column":8},"end":{"line":64,"column":9}},"type":"if","locations":[{"start":{"line":62,"column":8},"end":{"line":64,"column":9}},{"start":{},"end":{}}],"line":62},"5":{"loc":{"start":{"line":62,"column":12},"end":{"line":62,"column":56}},"type":"binary-expr","locations":[{"start":{"line":62,"column":12},"end":{"line":62,"column":33}},{"start":{"line":62,"column":37},"end":{"line":62,"column":56}}],"line":62},"6":{"loc":{"start":{"line":67,"column":6},"end":{"line":71,"column":7}},"type":"if","locations":[{"start":{"line":67,"column":6},"end":{"line":71,"column":7}},{"start":{"line":69,"column":13},"end":{"line":71,"column":7}}],"line":67},"7":{"loc":{"start":{"line":76,"column":6},"end":{"line":84,"column":7}},"type":"if","locations":[{"start":{"line":76,"column":6},"end":{"line":84,"column":7}},{"start":{"line":78,"column":13},"end":{"line":84,"column":7}}],"line":76},"8":{"loc":{"start":{"line":79,"column":8},"end":{"line":82,"column":9}},"type":"if","locations":[{"start":{"line":79,"column":8},"end":{"line":82,"column":9}},{"start":{},"end":{}}],"line":79},"9":{"loc":{"start":{"line":86,"column":4},"end":{"line":86,"column":73}},"type":"if","locations":[{"start":{"line":86,"column":4},"end":{"line":86,"column":73}},{"start":{},"end":{}}],"line":86},"10":{"loc":{"start":{"line":99,"column":4},"end":{"line":99,"column":34}},"type":"if","locations":[{"start":{"line":99,"column":4},"end":{"line":99,"column":34}},{"start":{},"end":{}}],"line":99},"11":{"loc":{"start":{"line":99,"column":8},"end":{"line":99,"column":25}},"type":"binary-expr","locations":[{"start":{"line":99,"column":8},"end":{"line":99,"column":18}},{"start":{"line":99,"column":22},"end":{"line":99,"column":25}}],"line":99},"12":{"loc":{"start":{"line":107,"column":4},"end":{"line":109,"column":5}},"type":"if","locations":[{"start":{"line":107,"column":4},"end":{"line":109,"column":5}},{"start":{},"end":{}}],"line":107},"13":{"loc":{"start":{"line":113,"column":4},"end":{"line":113,"column":44}},"type":"if","locations":[{"start":{"line":113,"column":4},"end":{"line":113,"column":44}},{"start":{},"end":{}}],"line":113},"14":{"loc":{"start":{"line":116,"column":4},"end":{"line":121,"column":5}},"type":"if","locations":[{"start":{"line":116,"column":4},"end":{"line":121,"column":5}},{"start":{},"end":{}}],"line":116},"15":{"loc":{"start":{"line":116,"column":8},"end":{"line":116,"column":36}},"type":"binary-expr","locations":[{"start":{"line":116,"column":8},"end":{"line":116,"column":20}},{"start":{"line":116,"column":24},"end":{"line":116,"column":36}}],"line":116},"16":{"loc":{"start":{"line":129,"column":4},"end":{"line":132,"column":5}},"type":"if","locations":[{"start":{"line":129,"column":4},"end":{"line":132,"column":5}},{"start":{},"end":{}}],"line":129},"17":{"loc":{"start":{"line":129,"column":8},"end":{"line":129,"column":45}},"type":"binary-expr","locations":[{"start":{"line":129,"column":8},"end":{"line":129,"column":13}},{"start":{"line":129,"column":17},"end":{"line":129,"column":28}},{"start":{"line":129,"column":32},"end":{"line":129,"column":45}}],"line":129},"18":{"loc":{"start":{"line":165,"column":8},"end":{"line":165,"column":24}},"type":"if","locations":[{"start":{"line":165,"column":8},"end":{"line":165,"column":24}},{"start":{},"end":{}}],"line":165},"19":{"loc":{"start":{"line":172,"column":10},"end":{"line":172,"column":47}},"type":"if","locations":[{"start":{"line":172,"column":10},"end":{"line":172,"column":47}},{"start":{},"end":{}}],"line":172},"20":{"loc":{"start":{"line":174,"column":10},"end":{"line":174,"column":40}},"type":"if","locations":[{"start":{"line":174,"column":10},"end":{"line":174,"column":40}},{"start":{},"end":{}}],"line":174},"21":{"loc":{"start":{"line":179,"column":12},"end":{"line":181,"column":13}},"type":"if","locations":[{"start":{"line":179,"column":12},"end":{"line":181,"column":13}},{"start":{},"end":{}}],"line":179},"22":{"loc":{"start":{"line":179,"column":16},"end":{"line":179,"column":56}},"type":"binary-expr","locations":[{"start":{"line":179,"column":16},"end":{"line":179,"column":27}},{"start":{"line":179,"column":31},"end":{"line":179,"column":40}},{"start":{"line":179,"column":44},"end":{"line":179,"column":56}}],"line":179},"23":{"loc":{"start":{"line":183,"column":12},"end":{"line":183,"column":76}},"type":"if","locations":[{"start":{"line":183,"column":12},"end":{"line":183,"column":76}},{"start":{},"end":{}}],"line":183},"24":{"loc":{"start":{"line":184,"column":12},"end":{"line":184,"column":74}},"type":"if","locations":[{"start":{"line":184,"column":12},"end":{"line":184,"column":74}},{"start":{},"end":{}}],"line":184},"25":{"loc":{"start":{"line":185,"column":12},"end":{"line":185,"column":77}},"type":"if","locations":[{"start":{"line":185,"column":12},"end":{"line":185,"column":77}},{"start":{},"end":{}}],"line":185},"26":{"loc":{"start":{"line":203,"column":6},"end":{"line":203,"column":27}},"type":"if","locations":[{"start":{"line":203,"column":6},"end":{"line":203,"column":27}},{"start":{},"end":{}}],"line":203},"27":{"loc":{"start":{"line":206,"column":6},"end":{"line":221,"column":7}},"type":"if","locations":[{"start":{"line":206,"column":6},"end":{"line":221,"column":7}},{"start":{"line":215,"column":11},"end":{"line":221,"column":7}}],"line":206},"28":{"loc":{"start":{"line":206,"column":10},"end":{"line":206,"column":60}},"type":"binary-expr","locations":[{"start":{"line":206,"column":10},"end":{"line":206,"column":34}},{"start":{"line":206,"column":38},"end":{"line":206,"column":60}}],"line":206},"29":{"loc":{"start":{"line":207,"column":8},"end":{"line":207,"column":49}},"type":"if","locations":[{"start":{"line":207,"column":8},"end":{"line":207,"column":49}},{"start":{},"end":{}}],"line":207},"30":{"loc":{"start":{"line":215,"column":11},"end":{"line":221,"column":7}},"type":"if","locations":[{"start":{"line":215,"column":11},"end":{"line":221,"column":7}},{"start":{"line":219,"column":11},"end":{"line":221,"column":7}}],"line":215},"31":{"loc":{"start":{"line":215,"column":15},"end":{"line":215,"column":67}},"type":"binary-expr","locations":[{"start":{"line":215,"column":15},"end":{"line":215,"column":39}},{"start":{"line":215,"column":43},"end":{"line":215,"column":67}}],"line":215},"32":{"loc":{"start":{"line":216,"column":8},"end":{"line":216,"column":79}},"type":"if","locations":[{"start":{"line":216,"column":8},"end":{"line":216,"column":79}},{"start":{},"end":{}}],"line":216},"33":{"loc":{"start":{"line":220,"column":8},"end":{"line":220,"column":63}},"type":"if","locations":[{"start":{"line":220,"column":8},"end":{"line":220,"column":63}},{"start":{},"end":{}}],"line":220},"34":{"loc":{"start":{"line":224,"column":4},"end":{"line":224,"column":45}},"type":"if","locations":[{"start":{"line":224,"column":4},"end":{"line":224,"column":45}},{"start":{},"end":{}}],"line":224},"35":{"loc":{"start":{"line":232,"column":4},"end":{"line":232,"column":45}},"type":"if","locations":[{"start":{"line":232,"column":4},"end":{"line":232,"column":45}},{"start":{},"end":{}}],"line":232},"36":{"loc":{"start":{"line":236,"column":4},"end":{"line":236,"column":47}},"type":"if","locations":[{"start":{"line":236,"column":4},"end":{"line":236,"column":47}},{"start":{},"end":{}}],"line":236},"37":{"loc":{"start":{"line":236,"column":8},"end":{"line":236,"column":38}},"type":"binary-expr","locations":[{"start":{"line":236,"column":8},"end":{"line":236,"column":19}},{"start":{"line":236,"column":23},"end":{"line":236,"column":38}}],"line":236},"38":{"loc":{"start":{"line":257,"column":6},"end":{"line":264,"column":7}},"type":"if","locations":[{"start":{"line":257,"column":6},"end":{"line":264,"column":7}},{"start":{},"end":{}}],"line":257},"39":{"loc":{"start":{"line":266,"column":6},"end":{"line":272,"column":7}},"type":"if","locations":[{"start":{"line":266,"column":6},"end":{"line":272,"column":7}},{"start":{},"end":{}}],"line":266},"40":{"loc":{"start":{"line":286,"column":27},"end":{"line":290,"column":16}},"type":"binary-expr","locations":[{"start":{"line":286,"column":27},"end":{"line":286,"column":41}},{"start":{"line":287,"column":4},"end":{"line":287,"column":16}},{"start":{"line":288,"column":4},"end":{"line":288,"column":19}},{"start":{"line":289,"column":4},"end":{"line":289,"column":21}},{"start":{"line":290,"column":4},"end":{"line":290,"column":16}}],"line":286},"41":{"loc":{"start":{"line":310,"column":6},"end":{"line":323,"column":7}},"type":"if","locations":[{"start":{"line":310,"column":6},"end":{"line":323,"column":7}},{"start":{"line":321,"column":13},"end":{"line":323,"column":7}}],"line":310},"42":{"loc":{"start":{"line":310,"column":10},"end":{"line":310,"column":54}},"type":"binary-expr","locations":[{"start":{"line":310,"column":10},"end":{"line":310,"column":31}},{"start":{"line":310,"column":35},"end":{"line":310,"column":54}}],"line":310},"43":{"loc":{"start":{"line":312,"column":8},"end":{"line":318,"column":9}},"type":"if","locations":[{"start":{"line":312,"column":8},"end":{"line":318,"column":9}},{"start":{},"end":{}}],"line":312},"44":{"loc":{"start":{"line":321,"column":13},"end":{"line":323,"column":7}},"type":"if","locations":[{"start":{"line":321,"column":13},"end":{"line":323,"column":7}},{"start":{},"end":{}}],"line":321},"45":{"loc":{"start":{"line":321,"column":17},"end":{"line":321,"column":59}},"type":"binary-expr","locations":[{"start":{"line":321,"column":17},"end":{"line":321,"column":37}},{"start":{"line":321,"column":41},"end":{"line":321,"column":59}}],"line":321},"46":{"loc":{"start":{"line":327,"column":4},"end":{"line":333,"column":5}},"type":"if","locations":[{"start":{"line":327,"column":4},"end":{"line":333,"column":5}},{"start":{},"end":{}}],"line":327},"47":{"loc":{"start":{"line":360,"column":9},"end":{"line":569,"column":9}},"type":"cond-expr","locations":[{"start":{"line":364,"column":10},"end":{"line":412,"column":16}},{"start":{"line":417,"column":10},"end":{"line":568,"column":16}}],"line":360},"48":{"loc":{"start":{"line":370,"column":23},"end":{"line":370,"column":72}},"type":"cond-expr","locations":[{"start":{"line":370,"column":30},"end":{"line":370,"column":39}},{"start":{"line":370,"column":42},"end":{"line":370,"column":72}}],"line":370},"49":{"loc":{"start":{"line":406,"column":17},"end":{"line":406,"column":72}},"type":"binary-expr","locations":[{"start":{"line":406,"column":17},"end":{"line":406,"column":24}},{"start":{"line":406,"column":28},"end":{"line":406,"column":72}}],"line":406},"50":{"loc":{"start":{"line":407,"column":17},"end":{"line":407,"column":66}},"type":"cond-expr","locations":[{"start":{"line":407,"column":27},"end":{"line":407,"column":45}},{"start":{"line":407,"column":48},"end":{"line":407,"column":66}}],"line":407},"51":{"loc":{"start":{"line":410,"column":15},"end":{"line":410,"column":83}},"type":"binary-expr","locations":[{"start":{"line":410,"column":15},"end":{"line":410,"column":20}},{"start":{"line":410,"column":24},"end":{"line":410,"column":83}}],"line":410},"52":{"loc":{"start":{"line":424,"column":23},"end":{"line":424,"column":72}},"type":"cond-expr","locations":[{"start":{"line":424,"column":30},"end":{"line":424,"column":39}},{"start":{"line":424,"column":42},"end":{"line":424,"column":72}}],"line":424},"53":{"loc":{"start":{"line":460,"column":17},"end":{"line":460,"column":72}},"type":"binary-expr","locations":[{"start":{"line":460,"column":17},"end":{"line":460,"column":24}},{"start":{"line":460,"column":28},"end":{"line":460,"column":72}}],"line":460},"54":{"loc":{"start":{"line":461,"column":17},"end":{"line":461,"column":66}},"type":"cond-expr","locations":[{"start":{"line":461,"column":27},"end":{"line":461,"column":45}},{"start":{"line":461,"column":48},"end":{"line":461,"column":66}}],"line":461},"55":{"loc":{"start":{"line":464,"column":15},"end":{"line":464,"column":76}},"type":"binary-expr","locations":[{"start":{"line":464,"column":15},"end":{"line":464,"column":20}},{"start":{"line":464,"column":24},"end":{"line":464,"column":76}}],"line":464},"56":{"loc":{"start":{"line":477,"column":27},"end":{"line":483,"column":98}},"type":"cond-expr","locations":[{"start":{"line":477,"column":37},"end":{"line":483,"column":24}},{"start":{"line":483,"column":27},"end":{"line":483,"column":98}}],"line":477},"57":{"loc":{"start":{"line":483,"column":27},"end":{"line":483,"column":98}},"type":"binary-expr","locations":[{"start":{"line":483,"column":27},"end":{"line":483,"column":60}},{"start":{"line":483,"column":64},"end":{"line":483,"column":98}}],"line":483},"58":{"loc":{"start":{"line":491,"column":27},"end":{"line":497,"column":97}},"type":"cond-expr","locations":[{"start":{"line":491,"column":37},"end":{"line":497,"column":24}},{"start":{"line":497,"column":27},"end":{"line":497,"column":97}}],"line":491},"59":{"loc":{"start":{"line":497,"column":27},"end":{"line":497,"column":97}},"type":"binary-expr","locations":[{"start":{"line":497,"column":27},"end":{"line":497,"column":58}},{"start":{"line":497,"column":62},"end":{"line":497,"column":97}}],"line":497},"60":{"loc":{"start":{"line":505,"column":27},"end":{"line":511,"column":100}},"type":"cond-expr","locations":[{"start":{"line":505,"column":37},"end":{"line":511,"column":24}},{"start":{"line":511,"column":27},"end":{"line":511,"column":100}}],"line":505},"61":{"loc":{"start":{"line":511,"column":27},"end":{"line":511,"column":100}},"type":"binary-expr","locations":[{"start":{"line":511,"column":27},"end":{"line":511,"column":61}},{"start":{"line":511,"column":65},"end":{"line":511,"column":100}}],"line":511},"62":{"loc":{"start":{"line":519,"column":27},"end":{"line":538,"column":19}},"type":"cond-expr","locations":[{"start":{"line":520,"column":20},"end":{"line":526,"column":26}},{"start":{"line":527,"column":22},"end":{"line":538,"column":19}}],"line":519},"63":{"loc":{"start":{"line":527,"column":22},"end":{"line":538,"column":19}},"type":"cond-expr","locations":[{"start":{"line":528,"column":20},"end":{"line":531,"column":26}},{"start":{"line":532,"column":22},"end":{"line":538,"column":19}}],"line":527},"64":{"loc":{"start":{"line":532,"column":22},"end":{"line":538,"column":19}},"type":"cond-expr","locations":[{"start":{"line":533,"column":20},"end":{"line":535,"column":26}},{"start":{"line":537,"column":20},"end":{"line":537,"column":106}}],"line":532},"65":{"loc":{"start":{"line":542,"column":20},"end":{"line":561,"column":21}},"type":"binary-expr","locations":[{"start":{"line":542,"column":20},"end":{"line":542,"column":36}},{"start":{"line":543,"column":22},"end":{"line":560,"column":31}}],"line":542},"66":{"loc":{"start":{"line":545,"column":34},"end":{"line":545,"column":84}},"type":"binary-expr","locations":[{"start":{"line":545,"column":34},"end":{"line":545,"column":49}},{"start":{"line":545,"column":53},"end":{"line":545,"column":64}},{"start":{"line":545,"column":68},"end":{"line":545,"column":84}}],"line":545},"67":{"loc":{"start":{"line":549,"column":12},"end":{"line":549,"column":225}},"type":"cond-expr","locations":[{"start":{"line":549,"column":31},"end":{"line":549,"column":127}},{"start":{"line":549,"column":130},"end":{"line":549,"column":225}}],"line":549},"68":{"loc":{"start":{"line":552,"column":25},"end":{"line":559,"column":25}},"type":"cond-expr","locations":[{"start":{"line":553,"column":26},"end":{"line":556,"column":29}},{"start":{"line":558,"column":26},"end":{"line":558,"column":42}}],"line":552},"69":{"loc":{"start":{"line":580,"column":4},"end":{"line":582,"column":5}},"type":"if","locations":[{"start":{"line":580,"column":4},"end":{"line":582,"column":5}},{"start":{},"end":{}}],"line":580},"70":{"loc":{"start":{"line":580,"column":8},"end":{"line":580,"column":34}},"type":"binary-expr","locations":[{"start":{"line":580,"column":8},"end":{"line":580,"column":12}},{"start":{"line":580,"column":16},"end":{"line":580,"column":34}}],"line":580},"71":{"loc":{"start":{"line":589,"column":15},"end":{"line":589,"column":31}},"type":"cond-expr","locations":[{"start":{"line":589,"column":22},"end":{"line":589,"column":25}},{"start":{"line":589,"column":28},"end":{"line":589,"column":31}}],"line":589},"72":{"loc":{"start":{"line":591,"column":7},"end":{"line":601,"column":7}},"type":"binary-expr","locations":[{"start":{"line":591,"column":7},"end":{"line":591,"column":11}},{"start":{"line":592,"column":8},"end":{"line":600,"column":14}}],"line":591},"73":{"loc":{"start":{"line":595,"column":6},"end":{"line":595,"column":62}},"type":"cond-expr","locations":[{"start":{"line":595,"column":33},"end":{"line":595,"column":45}},{"start":{"line":595,"column":48},"end":{"line":595,"column":62}}],"line":595},"74":{"loc":{"start":{"line":595,"column":6},"end":{"line":595,"column":30}},"type":"binary-expr","locations":[{"start":{"line":595,"column":6},"end":{"line":595,"column":16}},{"start":{"line":595,"column":20},"end":{"line":595,"column":30}}],"line":595},"75":{"loc":{"start":{"line":598,"column":11},"end":{"line":598,"column":67}},"type":"binary-expr","locations":[{"start":{"line":598,"column":11},"end":{"line":598,"column":22}},{"start":{"line":598,"column":26},"end":{"line":598,"column":67}}],"line":598},"76":{"loc":{"start":{"line":599,"column":11},"end":{"line":599,"column":71}},"type":"binary-expr","locations":[{"start":{"line":599,"column":11},"end":{"line":599,"column":18}},{"start":{"line":599,"column":22},"end":{"line":599,"column":71}}],"line":599}},"s":{"0":9,"1":8,"2":8,"3":8,"4":8,"5":8,"6":8,"7":8,"8":8,"9":8,"10":8,"11":8,"12":8,"13":8,"14":8,"15":8,"16":8,"17":0,"18":0,"19":0,"20":0,"21":0,"22":0,"23":0,"24":0,"25":0,"26":0,"27":0,"28":0,"29":0,"30":0,"31":0,"32":0,"33":0,"34":0,"35":0,"36":0,"37":0,"38":0,"39":0,"40":0,"41":0,"42":0,"43":0,"44":0,"45":0,"46":0,"47":0,"48":0,"49":0,"50":0,"51":0,"52":0,"53":0,"54":0,"55":0,"56":0,"57":0,"58":0,"59":0,"60":0,"61":0,"62":0,"63":0,"64":0,"65":0,"66":0,"67":0,"68":0,"69":0,"70":0,"71":0,"72":0,"73":0,"74":0,"75":0,"76":0,"77":0,"78":0,"79":0,"80":0,"81":0,"82":0,"83":0,"84":0,"85":0,"86":0,"87":0,"88":0,"89":0,"90":0,"91":0,"92":0,"93":0,"94":0,"95":0,"96":0,"97":0,"98":0,"99":0,"100":0,"101":0,"102":0,"103":0,"104":0,"105":0,"106":0,"107":0,"108":0,"109":0,"110":0,"111":0,"112":0,"113":0,"114":0,"115":0,"116":0,"117":0,"118":0,"119":0,"120":0,"121":0,"122":0,"123":0,"124":0,"125":0,"126":0,"127":0,"128":0,"129":0,"130":0,"131":0,"132":0,"133":0,"134":0,"135":0,"136":0,"137":0,"138":0,"139":0,"140":0,"141":0,"142":0,"143":0,"144":0,"145":0,"146":0,"147":0,"148":0,"149":0,"150":0,"151":0,"152":0,"153":0,"154":0,"155":0,"156":0,"157":0,"158":0,"159":0,"160":0,"161":0,"162":0,"163":0,"164":0,"165":0,"166":0,"167":0,"168":0,"169":0,"170":0,"171":0,"172":0,"173":0,"174":0,"175":0,"176":0,"177":0,"178":0,"179":0,"180":0,"181":0,"182":0,"183":0,"184":0,"185":0,"186":0,"187":0,"188":0,"189":0,"190":0,"191":0,"192":0,"193":0,"194":0,"195":0,"196":0,"197":0,"198":0,"199":0,"200":0,"201":0,"202":0,"203":0,"204":0,"205":0,"206":0,"207":0,"208":0,"209":0,"210":0,"211":0,"212":0,"213":0,"214":0,"215":0,"216":0,"217":0,"218":0,"219":0,"220":0,"221":0,"222":0,"223":0,"224":0,"225":0,"226":1,"227":0,"228":0,"229":0,"230":0,"231":0},"f":{"0":9,"1":0,"2":0,"3":0,"4":0,"5":0,"6":0,"7":0,"8":0,"9":0,"10":0,"11":0,"12":0,"13":0,"14":0,"15":0,"16":0,"17":0,"18":0,"19":0,"20":0,"21":0,"22":0,"23":0,"24":0,"25":0,"26":0,"27":0,"28":0,"29":0,"30":0,"31":0,"32":0,"33":0,"34":0,"35":0,"36":0,"37":0,"38":0,"39":0,"40":0,"41":0,"42":0,"43":0,"44":0,"45":0,"46":0,"47":0,"48":0},"b":{"0":[0,0],"1":[0,0],"2":[0,0],"3":[0,0],"4":[0,0],"5":[0,0],"6":[0,0],"7":[0,0],"8":[0,0],"9":[0,0],"10":[0,0],"11":[0,0],"12":[0,0],"13":[0,0],"14":[0,0],"15":[0,0],"16":[0,0],"17":[0,0,0],"18":[0,0],"19":[0,0],"20":[0,0],"21":[0,0],"22":[0,0,0],"23":[0,0],"24":[0,0],"25":[0,0],"26":[0,0],"27":[0,0],"28":[0,0],"29":[0,0],"30":[0,0],"31":[0,0],"32":[0,0],"33":[0,0],"34":[0,0],"35":[0,0],"36":[0,0],"37":[0,0],"38":[0,0],"39":[0,0],"40":[0,0,0,0,0],"41":[0,0],"42":[0,0],"43":[0,0],"44":[0,0],"45":[0,0],"46":[0,0],"47":[0,0],"48":[0,0],"49":[0,0],"50":[0,0],"51":[0,0],"52":[0,0],"53":[0,0],"54":[0,0],"55":[0,0],"56":[0,0],"57":[0,0],"58":[0,0],"59":[0,0],"60":[0,0],"61":[0,0],"62":[0,0],"63":[0,0],"64":[0,0],"65":[0,0],"66":[0,0,0],"67":[0,0],"68":[0,0],"69":[0,0],"70":[0,0],"71":[0,0],"72":[0,0],"73":[0,0],"74":[0,0],"75":[0,0],"76":[0,0]},"_coverageSchema":"1a1c01bbd47fc00a2c39e90264f33305004495a9","hash":"4a946aae0c8ae43074fe77a0b60fc14c86a44319"}
,"/Users/abha/Documents/Individual Study/ai-career-mentor/frontend/src/Timeline.jsx": {"path":"/Users/abha/Documents/Individual Study/ai-career-mentor/frontend/src/Timeline.jsx","statementMap":{"0":{"start":{"line":4,"column":36},"end":{"line":4,"column":50}},"1":{"start":{"line":6,"column":23},"end":{"line":6,"column":71}},"2":{"start":{"line":6,"column":31},"end":{"line":6,"column":71}},"3":{"start":{"line":8,"column":4},"end":{"line":67,"column":6}},"4":{"start":{"line":14,"column":31},"end":{"line":14,"column":46}},"5":{"start":{"line":16,"column":16},"end":{"line":64,"column":18}},"6":{"start":{"line":23,"column":51},"end":{"line":23,"column":70}},"7":{"start":{"line":29,"column":48},"end":{"line":29,"column":68}},"8":{"start":{"line":39,"column":43},"end":{"line":39,"column":62}},"9":{"start":{"line":50,"column":51},"end":{"line":50,"column":70}},"10":{"start":{"line":56,"column":48},"end":{"line":56,"column":68}}},"fnMap":{"0":{"name":"Timeline","decl":{"start":{"line":3,"column":24},"end":{"line":3,"column":32}},"loc":{"start":{"line":3,"column":44},"end":{"line":68,"column":1}},"line":3},"1":{"name":"(anonymous_1)","decl":{"start":{"line":6,"column":23},"end":{"line":6,"column":24}},"loc":{"start":{"line":6,"column":31},"end":{"line":6,"column":71}},"line":6},"2":{"name":"(anonymous_2)","decl":{"start":{"line":13,"column":23},"end":{"line":13,"column":24}},"loc":{"start":{"line":13,"column":40},"end":{"line":65,"column":13}},"line":13},"3":{"name":"(anonymous_3)","decl":{"start":{"line":23,"column":45},"end":{"line":23,"column":46}},"loc":{"start":{"line":23,"column":51},"end":{"line":23,"column":70}},"line":23},"4":{"name":"(anonymous_4)","decl":{"start":{"line":28,"column":66},"end":{"line":28,"column":67}},"loc":{"start":{"line":29,"column":48},"end":{"line":29,"column":68}},"line":29},"5":{"name":"(anonymous_5)","decl":{"start":{"line":39,"column":37},"end":{"line":39,"column":38}},"loc":{"start":{"line":39,"column":43},"end":{"line":39,"column":62}},"line":39},"6":{"name":"(anonymous_6)","decl":{"start":{"line":50,"column":45},"end":{"line":50,"column":46}},"loc":{"start":{"line":50,"column":51},"end":{"line":50,"column":70}},"line":50},"7":{"name":"(anonymous_7)","decl":{"start":{"line":55,"column":66},"end":{"line":55,"column":67}},"loc":{"start":{"line":56,"column":48},"end":{"line":56,"column":68}},"line":56}},"branchMap":{"0":{"loc":{"start":{"line":6,"column":43},"end":{"line":6,"column":70}},"type":"cond-expr","locations":[{"start":{"line":6,"column":61},"end":{"line":6,"column":65}},{"start":{"line":6,"column":68},"end":{"line":6,"column":70}}],"line":6},"1":{"loc":{"start":{"line":19,"column":54},"end":{"line":19,"column":104}},"type":"cond-expr","locations":[{"start":{"line":19,"column":63},"end":{"line":19,"column":81}},{"start":{"line":19,"column":84},"end":{"line":19,"column":104}}],"line":19},"2":{"loc":{"start":{"line":20,"column":29},"end":{"line":34,"column":29}},"type":"binary-expr","locations":[{"start":{"line":20,"column":29},"end":{"line":20,"column":35}},{"start":{"line":21,"column":32},"end":{"line":33,"column":38}}],"line":20},"3":{"loc":{"start":{"line":26,"column":37},"end":{"line":32,"column":37}},"type":"binary-expr","locations":[{"start":{"line":26,"column":37},"end":{"line":26,"column":57}},{"start":{"line":27,"column":40},"end":{"line":31,"column":45}}],"line":26},"4":{"loc":{"start":{"line":46,"column":54},"end":{"line":46,"column":105}},"type":"cond-expr","locations":[{"start":{"line":46,"column":64},"end":{"line":46,"column":84}},{"start":{"line":46,"column":87},"end":{"line":46,"column":105}}],"line":46},"5":{"loc":{"start":{"line":47,"column":29},"end":{"line":61,"column":29}},"type":"binary-expr","locations":[{"start":{"line":47,"column":29},"end":{"line":47,"column":36}},{"start":{"line":48,"column":32},"end":{"line":60,"column":38}}],"line":47},"6":{"loc":{"start":{"line":53,"column":37},"end":{"line":59,"column":37}},"type":"binary-expr","locations":[{"start":{"line":53,"column":37},"end":{"line":53,"column":57}},{"start":{"line":54,"column":40},"end":{"line":58,"column":45}}],"line":53}},"s":{"0":0,"1":0,"2":0,"3":0,"4":0,"5":0,"6":0,"7":0,"8":0,"9":0,"10":0},"f":{"0":0,"1":0,"2":0,"3":0,"4":0,"5":0,"6":0,"7":0},"b":{"0":[0,0],"1":[0,0],"2":[0,0],"3":[0,0],"4":[0,0],"5":[0,0],"6":[0,0]},"_coverageSchema":"1a1c01bbd47fc00a2c39e90264f33305004495a9","hash":"09a43b2f5deb6659ae3ceafa40c68efb651dbcc1"}
}
