TN:
SF:src/App.jsx
FN:8,parseRoadmapToTimeline
FN:9,(anonymous_1)
FN:15,(anonymous_2)
FN:42,App
FN:76,(anonymous_4)
FN:78,(anonymous_5)
FN:79,(anonymous_6)
FN:81,(anonymous_7)
FN:84,(anonymous_8)
FN:88,(anonymous_9)
FN:91,(anonymous_10)
FN:105,(anonymous_11)
FN:120,(anonymous_12)
FN:127,(anonymous_13)
FN:141,(anonymous_14)
FN:147,(anonymous_15)
FN:157,(anonymous_16)
FN:204,(anonymous_17)
FN:210,(anonymous_18)
FN:215,(anonymous_19)
FN:217,(anonymous_20)
FN:219,(anonymous_21)
FN:232,(anonymous_22)
FN:237,(anonymous_23)
FN:262,(anonymous_24)
FN:263,(anonymous_25)
FN:267,(anonymous_26)
FN:279,(anonymous_27)
FN:290,(anonymous_28)
FN:294,(anonymous_29)
FN:305,(anonymous_30)
FN:313,(anonymous_31)
FN:317,(anonymous_32)
FN:364,(anonymous_33)
FN:371,(anonymous_34)
FN:379,(anonymous_35)
FN:389,(anonymous_36)
FN:418,(anonymous_37)
FN:425,(anonymous_38)
FN:433,(anonymous_39)
FN:443,(anonymous_40)
FN:478,(anonymous_41)
FN:492,(anonymous_42)
FN:506,(anonymous_43)
FN:533,(anonymous_44)
FN:569,(anonymous_45)
FN:572,(anonymous_46)
FNF:47
FNH:36
FNDA:1,parseRoadmapToTimeline
FNDA:5,(anonymous_1)
FNDA:5,(anonymous_2)
FNDA:40,App
FNDA:20,(anonymous_4)
FNDA:0,(anonymous_5)
FNDA:0,(anonymous_6)
FNDA:5,(anonymous_7)
FNDA:24,(anonymous_8)
FNDA:28,(anonymous_9)
FNDA:42,(anonymous_10)
FNDA:28,(anonymous_11)
FNDA:1,(anonymous_12)
FNDA:1,(anonymous_13)
FNDA:13,(anonymous_14)
FNDA:22,(anonymous_15)
FNDA:6,(anonymous_16)
FNDA:9,(anonymous_17)
FNDA:6,(anonymous_18)
FNDA:2,(anonymous_19)
FNDA:2,(anonymous_20)
FNDA:2,(anonymous_21)
FNDA:1,(anonymous_22)
FNDA:4,(anonymous_23)
FNDA:2,(anonymous_24)
FNDA:2,(anonymous_25)
FNDA:1,(anonymous_26)
FNDA:1,(anonymous_27)
FNDA:2,(anonymous_28)
FNDA:1,(anonymous_29)
FNDA:1,(anonymous_30)
FNDA:0,(anonymous_31)
FNDA:0,(anonymous_32)
FNDA:5,(anonymous_33)
FNDA:5,(anonymous_34)
FNDA:2,(anonymous_35)
FNDA:2,(anonymous_36)
FNDA:0,(anonymous_37)
FNDA:0,(anonymous_38)
FNDA:0,(anonymous_39)
FNDA:0,(anonymous_40)
FNDA:2,(anonymous_41)
FNDA:0,(anonymous_42)
FNDA:0,(anonymous_43)
FNDA:0,(anonymous_44)
FNDA:48,(anonymous_45)
FNDA:48,(anonymous_46)
DA:9,5
DA:11,1
DA:12,1
DA:13,1
DA:15,1
DA:16,5
DA:17,2
DA:18,1
DA:24,2
DA:25,2
DA:26,3
DA:27,3
DA:31,1
DA:32,1
DA:39,1
DA:43,40
DA:44,40
DA:45,40
DA:46,40
DA:47,40
DA:48,40
DA:49,40
DA:50,40
DA:51,40
DA:52,40
DA:58,40
DA:59,40
DA:60,40
DA:61,40
DA:62,40
DA:63,40
DA:65,40
DA:67,40
DA:73,40
DA:74,40
DA:76,40
DA:77,20
DA:78,5
DA:79,0
DA:81,5
DA:84,40
DA:85,24
DA:86,21
DA:87,21
DA:88,21
DA:89,28
DA:90,28
DA:91,28
DA:92,42
DA:93,7
DA:95,35
DA:97,28
DA:98,7
DA:100,21
DA:103,21
DA:104,21
DA:105,21
DA:106,28
DA:107,7
DA:109,21
DA:110,0
DA:111,0
DA:113,21
DA:116,21
DA:117,21
DA:120,40
DA:121,1
DA:122,1
DA:123,1
DA:124,1
DA:127,40
DA:128,1
DA:129,1
DA:130,1
DA:131,1
DA:132,1
DA:134,1
DA:135,1
DA:141,40
DA:142,13
DA:143,0
DA:147,40
DA:148,22
DA:149,10
DA:150,10
DA:157,40
DA:158,6
DA:159,6
DA:161,6
DA:162,6
DA:163,1
DA:166,1
DA:169,5
DA:170,5
DA:171,5
DA:172,5
DA:173,5
DA:174,5
DA:175,5
DA:176,5
DA:177,5
DA:179,5
DA:180,5
DA:181,5
DA:182,5
DA:183,5
DA:184,5
DA:186,5
DA:187,5
DA:192,4
DA:193,4
DA:194,4
DA:196,4
DA:197,13
DA:198,13
DA:199,9
DA:201,9
DA:202,9
DA:204,9
DA:205,9
DA:206,9
DA:207,9
DA:208,9
DA:209,9
DA:210,9
DA:211,9
DA:212,9
DA:214,9
DA:215,3
DA:216,9
DA:217,3
DA:218,9
DA:219,3
DA:226,1
DA:228,5
DA:232,40
DA:233,1
DA:234,1
DA:235,1
DA:237,1
DA:238,4
DA:239,4
DA:240,3
DA:241,1
DA:242,1
DA:247,2
DA:251,2
DA:252,2
DA:254,0
DA:258,1
DA:259,1
DA:262,40
DA:263,2
DA:264,2
DA:267,40
DA:268,1
DA:270,1
DA:271,1
DA:272,1
DA:273,1
DA:275,1
DA:279,1
DA:280,1
DA:290,1
DA:291,2
DA:293,2
DA:294,1
DA:295,1
DA:296,1
DA:297,1
DA:298,1
DA:302,2
DA:303,1
DA:304,1
DA:305,1
DA:309,1
DA:313,1
DA:314,0
DA:317,1
DA:318,0
DA:323,40
DA:330,40
DA:364,5
DA:371,5
DA:379,2
DA:389,2
DA:418,0
DA:425,0
DA:433,0
DA:443,0
DA:478,2
DA:492,0
DA:506,0
DA:533,0
DA:569,1
DA:570,48
DA:572,48
DA:573,48
DA:574,47
DA:578,48
LF:200
LH:186
BRDA:16,0,0,2
BRDA:16,0,1,3
BRDA:16,1,0,5
BRDA:16,1,1,2
BRDA:17,2,0,1
BRDA:17,2,1,1
BRDA:26,3,0,3
BRDA:26,3,1,0
BRDA:26,4,0,3
BRDA:26,4,1,3
BRDA:31,5,0,1
BRDA:31,5,1,0
BRDA:77,6,0,15
BRDA:77,6,1,5
BRDA:79,7,0,0
BRDA:79,7,1,0
BRDA:85,8,0,3
BRDA:85,8,1,21
BRDA:90,9,0,0
BRDA:90,9,1,28
BRDA:92,10,0,7
BRDA:92,10,1,35
BRDA:92,11,0,42
BRDA:92,11,1,7
BRDA:97,12,0,7
BRDA:97,12,1,21
BRDA:106,13,0,7
BRDA:106,13,1,21
BRDA:109,14,0,0
BRDA:109,14,1,21
BRDA:116,15,0,7
BRDA:116,15,1,14
BRDA:130,16,0,0
BRDA:130,16,1,1
BRDA:130,17,0,1
BRDA:130,17,1,1
BRDA:142,18,0,0
BRDA:142,18,1,13
BRDA:148,19,0,12
BRDA:148,19,1,10
BRDA:149,20,0,10
BRDA:149,20,1,0
BRDA:149,21,0,10
BRDA:149,21,1,0
BRDA:162,22,0,1
BRDA:162,22,1,5
BRDA:162,23,0,6
BRDA:162,23,1,5
BRDA:162,23,2,5
BRDA:198,24,0,4
BRDA:198,24,1,9
BRDA:205,25,0,0
BRDA:205,25,1,9
BRDA:207,26,0,0
BRDA:207,26,1,9
BRDA:211,27,0,9
BRDA:211,27,1,0
BRDA:211,28,0,9
BRDA:211,28,1,6
BRDA:211,28,2,3
BRDA:214,29,0,3
BRDA:214,29,1,6
BRDA:216,30,0,3
BRDA:216,30,1,6
BRDA:218,31,0,3
BRDA:218,31,1,6
BRDA:239,32,0,1
BRDA:239,32,1,3
BRDA:240,33,0,1
BRDA:240,33,1,2
BRDA:240,34,0,3
BRDA:240,34,1,1
BRDA:241,35,0,0
BRDA:241,35,1,1
BRDA:247,36,0,2
BRDA:247,36,1,0
BRDA:248,37,0,2
BRDA:248,37,1,0
BRDA:251,38,0,2
BRDA:251,38,1,0
BRDA:254,39,0,0
BRDA:254,39,1,0
BRDA:258,40,0,1
BRDA:258,40,1,0
BRDA:264,41,0,1
BRDA:264,41,1,1
BRDA:268,42,0,0
BRDA:268,42,1,1
BRDA:268,43,0,1
BRDA:268,43,1,1
BRDA:293,44,0,1
BRDA:293,44,1,1
BRDA:302,45,0,1
BRDA:302,45,1,1
BRDA:323,46,0,40
BRDA:323,46,1,7
BRDA:323,46,2,7
BRDA:323,46,3,7
BRDA:323,46,4,6
BRDA:353,47,0,27
BRDA:353,47,1,13
BRDA:363,48,0,12
BRDA:363,48,1,15
BRDA:399,49,0,27
BRDA:399,49,1,0
BRDA:400,50,0,0
BRDA:400,50,1,27
BRDA:403,51,0,27
BRDA:403,51,1,1
BRDA:417,52,0,13
BRDA:417,52,1,0
BRDA:453,53,0,13
BRDA:453,53,1,5
BRDA:454,54,0,5
BRDA:454,54,1,8
BRDA:457,55,0,13
BRDA:457,55,1,1
BRDA:470,56,0,5
BRDA:470,56,1,8
BRDA:476,57,0,8
BRDA:476,57,1,1
BRDA:484,58,0,5
BRDA:484,58,1,8
BRDA:490,59,0,8
BRDA:490,59,1,1
BRDA:498,60,0,5
BRDA:498,60,1,8
BRDA:504,61,0,8
BRDA:504,61,1,1
BRDA:512,62,0,5
BRDA:512,62,1,8
BRDA:520,63,0,1
BRDA:520,63,1,7
BRDA:525,64,0,2
BRDA:525,64,1,5
BRDA:535,65,0,13
BRDA:535,65,1,4
BRDA:538,66,0,4
BRDA:538,66,1,4
BRDA:538,66,2,4
BRDA:542,67,0,0
BRDA:542,67,1,4
BRDA:545,68,0,0
BRDA:545,68,1,4
BRDA:573,69,0,47
BRDA:573,69,1,1
BRDA:573,70,0,48
BRDA:573,70,1,47
BRDA:582,71,0,47
BRDA:582,71,1,1
BRDA:584,72,0,48
BRDA:584,72,1,47
BRDA:588,73,0,24
BRDA:588,73,1,23
BRDA:588,74,0,47
BRDA:588,74,1,35
BRDA:591,75,0,47
BRDA:591,75,1,4
BRDA:592,76,0,47
BRDA:592,76,1,0
BRF:160
BRH:133
end_of_record
TN:
SF:src/Home.jsx
FN:3,Home
FNF:1
FNH:1
FNDA:1,Home
DA:4,1
LF:1
LH:1
BRF:0
BRH:0
end_of_record
TN:
SF:src/Login.jsx
FN:7,(anonymous_0)
FN:13,(anonymous_1)
FN:35,Login
FN:40,(anonymous_3)
FN:61,(anonymous_4)
FN:66,(anonymous_5)
FN:73,(anonymous_6)
FNF:7
FNH:5
FNDA:9,(anonymous_0)
FNDA:5,(anonymous_1)
FNDA:4,Login
FNDA:0,(anonymous_3)
FNDA:0,(anonymous_4)
FNDA:1,(anonymous_5)
FNDA:1,(anonymous_6)
DA:7,1
DA:8,9
DA:9,5
DA:13,1
DA:20,5
DA:21,5
DA:23,4
DA:24,4
DA:25,2
DA:26,1
DA:27,1
DA:31,2
DA:36,4
DA:37,4
DA:38,4
DA:40,4
DA:41,0
DA:43,4
DA:61,0
DA:66,1
DA:73,1
LF:21
LH:19
BRDA:8,0,0,4
BRDA:8,0,1,5
BRDA:8,1,0,9
BRDA:8,1,1,6
BRDA:21,2,0,1
BRDA:21,2,1,4
BRDA:25,3,0,1
BRDA:25,3,1,1
BRDA:31,4,0,2
BRDA:31,4,1,1
BRF:10
BRH:10
end_of_record
TN:
SF:src/MainApp.jsx
FN:8,MainApp
FNF:1
FNH:1
FNDA:4,MainApp
DA:9,4
LF:1
LH:1
BRF:0
BRH:0
end_of_record
TN:
SF:src/ProtectedRoute.jsx
FN:4,(anonymous_0)
FNF:1
FNH:1
FNDA:2,(anonymous_0)
DA:4,1
DA:5,2
DA:6,2
DA:8,1
DA:10,1
LF:5
LH:5
BRDA:6,0,0,1
BRDA:6,0,1,1
BRF:2
BRH:2
end_of_record
TN:
SF:src/Signup.jsx
FN:6,Signup
FN:12,(anonymous_1)
FN:42,(anonymous_2)
FN:46,(anonymous_3)
FN:50,(anonymous_4)
FNF:5
FNH:5
FNDA:18,Signup
FNDA:4,(anonymous_1)
FNDA:4,(anonymous_2)
FNDA:4,(anonymous_3)
FNDA:4,(anonymous_4)
DA:7,18
DA:8,18
DA:9,18
DA:10,18
DA:12,18
DA:13,4
DA:14,4
DA:15,3
DA:16,3
DA:17,1
DA:18,1
DA:20,2
DA:24,18
DA:42,4
DA:46,4
DA:50,4
LF:16
LH:16
BRDA:14,0,0,1
BRDA:14,0,1,3
BRDA:14,1,0,4
BRDA:14,1,1,3
BRDA:14,1,2,3
BRDA:20,2,0,2
BRDA:20,2,1,1
BRF:7
BRH:7
end_of_record
TN:
SF:src/Timeline.jsx
FN:3,Timeline
FN:6,(anonymous_1)
FN:13,(anonymous_2)
FN:23,(anonymous_3)
FN:28,(anonymous_4)
FN:39,(anonymous_5)
FN:50,(anonymous_6)
FN:55,(anonymous_7)
FNF:8
FNH:8
FNDA:10,Timeline
FNDA:5,(anonymous_1)
FNDA:28,(anonymous_2)
FNDA:3,(anonymous_3)
FNDA:4,(anonymous_4)
FNDA:1,(anonymous_5)
FNDA:1,(anonymous_6)
FNDA:4,(anonymous_7)
DA:4,10
DA:6,10
DA:8,10
DA:14,28
DA:16,28
DA:23,3
DA:29,4
DA:39,1
DA:50,1
DA:56,4
LF:10
LH:10
BRDA:6,0,0,1
BRDA:6,0,1,4
BRDA:19,1,0,19
BRDA:19,1,1,9
BRDA:20,2,0,28
BRDA:20,2,1,19
BRDA:26,3,0,19
BRDA:26,3,1,2
BRDA:46,4,0,9
BRDA:46,4,1,19
BRDA:47,5,0,28
BRDA:47,5,1,9
BRDA:53,6,0,9
BRDA:53,6,1,2
BRF:14
BRH:14
end_of_record
TN:
SF:src/api.js
FN:6,(anonymous_0)
FN:25,(anonymous_1)
FNF:2
FNH:2
FNDA:1,(anonymous_0)
FNDA:1,(anonymous_1)
DA:4,3
DA:6,3
DA:7,1
DA:8,1
DA:9,1
DA:10,1
DA:12,1
DA:17,1
DA:18,0
DA:19,0
DA:22,1
DA:25,3
DA:26,1
DA:27,1
DA:28,1
DA:30,1
LF:16
LH:14
BRDA:17,0,0,0
BRDA:17,0,1,1
BRDA:19,1,0,0
BRDA:19,1,1,0
BRF:4
BRH:1
end_of_record
