TN:
SF:src/App.jsx
FN:9,App
FN:39,(anonymous_1)
FN:41,(anonymous_2)
FN:42,(anonymous_3)
FN:44,(anonymous_4)
FN:47,(anonymous_5)
FN:54,(anonymous_6)
FN:58,(anonymous_7)
FN:61,(anonymous_8)
FN:75,(anonymous_9)
FN:90,(anonymous_10)
FN:96,(anonymous_11)
FN:106,(anonymous_12)
FN:112,(anonymous_13)
FN:124,(anonymous_14)
FN:171,(anonymous_15)
FN:178,(anonymous_16)
FN:183,(anonymous_17)
FN:184,(anonymous_18)
FN:185,(anonymous_19)
FN:196,(anonymous_20)
FN:201,(anonymous_21)
FN:230,(anonymous_22)
FN:231,(anonymous_23)
FN:235,(anonymous_24)
FN:245,(anonymous_25)
FN:254,(anonymous_26)
FN:258,(anonymous_27)
FN:270,(anonymous_28)
FN:275,(anonymous_29)
FN:280,(anonymous_30)
FN:292,(anonymous_31)
FN:302,(anonymous_32)
FN:303,(anonymous_33)
FN:309,(anonymous_34)
FN:371,(anonymous_35)
FN:378,(anonymous_36)
FN:386,(anonymous_37)
FN:396,(anonymous_38)
FN:425,(anonymous_39)
FN:432,(anonymous_40)
FN:440,(anonymous_41)
FN:450,(anonymous_42)
FN:485,(anonymous_43)
FN:499,(anonymous_44)
FN:513,(anonymous_45)
FN:540,(anonymous_46)
FN:576,(anonymous_47)
FN:579,(anonymous_48)
FNF:49
FNH:1
FNDA:9,App
FNDA:0,(anonymous_1)
FNDA:0,(anonymous_2)
FNDA:0,(anonymous_3)
FNDA:0,(anonymous_4)
FNDA:0,(anonymous_5)
FNDA:0,(anonymous_6)
FNDA:0,(anonymous_7)
FNDA:0,(anonymous_8)
FNDA:0,(anonymous_9)
FNDA:0,(anonymous_10)
FNDA:0,(anonymous_11)
FNDA:0,(anonymous_12)
FNDA:0,(anonymous_13)
FNDA:0,(anonymous_14)
FNDA:0,(anonymous_15)
FNDA:0,(anonymous_16)
FNDA:0,(anonymous_17)
FNDA:0,(anonymous_18)
FNDA:0,(anonymous_19)
FNDA:0,(anonymous_20)
FNDA:0,(anonymous_21)
FNDA:0,(anonymous_22)
FNDA:0,(anonymous_23)
FNDA:0,(anonymous_24)
FNDA:0,(anonymous_25)
FNDA:0,(anonymous_26)
FNDA:0,(anonymous_27)
FNDA:0,(anonymous_28)
FNDA:0,(anonymous_29)
FNDA:0,(anonymous_30)
FNDA:0,(anonymous_31)
FNDA:0,(anonymous_32)
FNDA:0,(anonymous_33)
FNDA:0,(anonymous_34)
FNDA:0,(anonymous_35)
FNDA:0,(anonymous_36)
FNDA:0,(anonymous_37)
FNDA:0,(anonymous_38)
FNDA:0,(anonymous_39)
FNDA:0,(anonymous_40)
FNDA:0,(anonymous_41)
FNDA:0,(anonymous_42)
FNDA:0,(anonymous_43)
FNDA:0,(anonymous_44)
FNDA:0,(anonymous_45)
FNDA:0,(anonymous_46)
FNDA:0,(anonymous_47)
FNDA:0,(anonymous_48)
DA:10,9
DA:11,8
DA:12,8
DA:13,8
DA:14,8
DA:15,8
DA:16,8
DA:17,8
DA:18,8
DA:19,8
DA:20,8
DA:21,8
DA:22,8
DA:23,8
DA:24,8
DA:26,8
DA:27,8
DA:29,0
DA:35,0
DA:36,0
DA:39,0
DA:40,0
DA:41,0
DA:42,0
DA:44,0
DA:47,0
DA:48,0
DA:49,0
DA:50,0
DA:54,0
DA:55,0
DA:56,0
DA:57,0
DA:58,0
DA:59,0
DA:60,0
DA:61,0
DA:62,0
DA:63,0
DA:65,0
DA:67,0
DA:68,0
DA:70,0
DA:73,0
DA:74,0
DA:75,0
DA:76,0
DA:77,0
DA:79,0
DA:80,0
DA:81,0
DA:83,0
DA:86,0
DA:87,0
DA:90,0
DA:91,0
DA:92,0
DA:93,0
DA:94,0
DA:96,0
DA:97,0
DA:98,0
DA:99,0
DA:100,0
DA:101,0
DA:102,0
DA:103,0
DA:106,0
DA:107,0
DA:108,0
DA:112,0
DA:113,0
DA:116,0
DA:117,0
DA:124,0
DA:125,0
DA:126,0
DA:128,0
DA:129,0
DA:130,0
DA:131,0
DA:134,0
DA:136,0
DA:137,0
DA:138,0
DA:139,0
DA:140,0
DA:141,0
DA:142,0
DA:143,0
DA:145,0
DA:146,0
DA:147,0
DA:148,0
DA:149,0
DA:150,0
DA:153,0
DA:154,0
DA:159,0
DA:160,0
DA:161,0
DA:163,0
DA:164,0
DA:165,0
DA:166,0
DA:168,0
DA:169,0
DA:171,0
DA:172,0
DA:173,0
DA:174,0
DA:176,0
DA:177,0
DA:178,0
DA:179,0
DA:180,0
DA:183,0
DA:184,0
DA:185,0
DA:190,0
DA:192,0
DA:196,0
DA:197,0
DA:198,0
DA:199,0
DA:201,0
DA:202,0
DA:203,0
DA:206,0
DA:207,0
DA:208,0
DA:215,0
DA:216,0
DA:220,0
DA:224,0
DA:225,0
DA:230,0
DA:231,0
DA:232,0
DA:235,0
DA:236,0
DA:238,0
DA:239,0
DA:240,0
DA:241,0
DA:243,0
DA:245,0
DA:246,0
DA:254,0
DA:255,0
DA:257,0
DA:258,0
DA:259,0
DA:260,0
DA:261,0
DA:262,0
DA:266,0
DA:267,0
DA:268,0
DA:270,0
DA:271,0
DA:275,0
DA:276,0
DA:277,0
DA:280,0
DA:281,0
DA:286,0
DA:292,0
DA:293,0
DA:302,0
DA:303,0
DA:305,0
DA:306,0
DA:307,0
DA:309,0
DA:310,0
DA:312,0
DA:313,0
DA:319,0
DA:320,0
DA:321,0
DA:322,0
DA:327,0
DA:328,0
DA:335,0
DA:337,0
DA:371,0
DA:378,0
DA:386,0
DA:396,0
DA:425,0
DA:432,0
DA:440,0
DA:450,0
DA:485,0
DA:499,0
DA:513,0
DA:540,0
DA:576,1
DA:577,0
DA:579,0
DA:580,0
DA:581,0
DA:585,0
LF:204
LH:18
BRDA:40,0,0,0
BRDA:40,0,1,0
BRDA:42,1,0,0
BRDA:42,1,1,0
BRDA:55,2,0,0
BRDA:55,2,1,0
BRDA:60,3,0,0
BRDA:60,3,1,0
BRDA:62,4,0,0
BRDA:62,4,1,0
BRDA:62,5,0,0
BRDA:62,5,1,0
BRDA:67,6,0,0
BRDA:67,6,1,0
BRDA:76,7,0,0
BRDA:76,7,1,0
BRDA:79,8,0,0
BRDA:79,8,1,0
BRDA:86,9,0,0
BRDA:86,9,1,0
BRDA:99,10,0,0
BRDA:99,10,1,0
BRDA:99,11,0,0
BRDA:99,11,1,0
BRDA:107,12,0,0
BRDA:107,12,1,0
BRDA:113,13,0,0
BRDA:113,13,1,0
BRDA:116,14,0,0
BRDA:116,14,1,0
BRDA:116,15,0,0
BRDA:116,15,1,0
BRDA:129,16,0,0
BRDA:129,16,1,0
BRDA:129,17,0,0
BRDA:129,17,1,0
BRDA:129,17,2,0
BRDA:165,18,0,0
BRDA:165,18,1,0
BRDA:172,19,0,0
BRDA:172,19,1,0
BRDA:174,20,0,0
BRDA:174,20,1,0
BRDA:179,21,0,0
BRDA:179,21,1,0
BRDA:179,22,0,0
BRDA:179,22,1,0
BRDA:179,22,2,0
BRDA:183,23,0,0
BRDA:183,23,1,0
BRDA:184,24,0,0
BRDA:184,24,1,0
BRDA:185,25,0,0
BRDA:185,25,1,0
BRDA:203,26,0,0
BRDA:203,26,1,0
BRDA:206,27,0,0
BRDA:206,27,1,0
BRDA:206,28,0,0
BRDA:206,28,1,0
BRDA:207,29,0,0
BRDA:207,29,1,0
BRDA:215,30,0,0
BRDA:215,30,1,0
BRDA:215,31,0,0
BRDA:215,31,1,0
BRDA:216,32,0,0
BRDA:216,32,1,0
BRDA:220,33,0,0
BRDA:220,33,1,0
BRDA:224,34,0,0
BRDA:224,34,1,0
BRDA:232,35,0,0
BRDA:232,35,1,0
BRDA:236,36,0,0
BRDA:236,36,1,0
BRDA:236,37,0,0
BRDA:236,37,1,0
BRDA:257,38,0,0
BRDA:257,38,1,0
BRDA:266,39,0,0
BRDA:266,39,1,0
BRDA:286,40,0,0
BRDA:286,40,1,0
BRDA:286,40,2,0
BRDA:286,40,3,0
BRDA:286,40,4,0
BRDA:310,41,0,0
BRDA:310,41,1,0
BRDA:310,42,0,0
BRDA:310,42,1,0
BRDA:312,43,0,0
BRDA:312,43,1,0
BRDA:321,44,0,0
BRDA:321,44,1,0
BRDA:321,45,0,0
BRDA:321,45,1,0
BRDA:327,46,0,0
BRDA:327,46,1,0
BRDA:360,47,0,0
BRDA:360,47,1,0
BRDA:370,48,0,0
BRDA:370,48,1,0
BRDA:406,49,0,0
BRDA:406,49,1,0
BRDA:407,50,0,0
BRDA:407,50,1,0
BRDA:410,51,0,0
BRDA:410,51,1,0
BRDA:424,52,0,0
BRDA:424,52,1,0
BRDA:460,53,0,0
BRDA:460,53,1,0
BRDA:461,54,0,0
BRDA:461,54,1,0
BRDA:464,55,0,0
BRDA:464,55,1,0
BRDA:477,56,0,0
BRDA:477,56,1,0
BRDA:483,57,0,0
BRDA:483,57,1,0
BRDA:491,58,0,0
BRDA:491,58,1,0
BRDA:497,59,0,0
BRDA:497,59,1,0
BRDA:505,60,0,0
BRDA:505,60,1,0
BRDA:511,61,0,0
BRDA:511,61,1,0
BRDA:519,62,0,0
BRDA:519,62,1,0
BRDA:527,63,0,0
BRDA:527,63,1,0
BRDA:532,64,0,0
BRDA:532,64,1,0
BRDA:542,65,0,0
BRDA:542,65,1,0
BRDA:545,66,0,0
BRDA:545,66,1,0
BRDA:545,66,2,0
BRDA:549,67,0,0
BRDA:549,67,1,0
BRDA:552,68,0,0
BRDA:552,68,1,0
BRDA:580,69,0,0
BRDA:580,69,1,0
BRDA:580,70,0,0
BRDA:580,70,1,0
BRDA:589,71,0,0
BRDA:589,71,1,0
BRDA:591,72,0,0
BRDA:591,72,1,0
BRDA:595,73,0,0
BRDA:595,73,1,0
BRDA:595,74,0,0
BRDA:595,74,1,0
BRDA:598,75,0,0
BRDA:598,75,1,0
BRDA:599,76,0,0
BRDA:599,76,1,0
BRF:160
BRH:0
end_of_record
TN:
SF:src/Timeline.jsx
FN:3,Timeline
FN:6,(anonymous_1)
FN:13,(anonymous_2)
FN:23,(anonymous_3)
FN:28,(anonymous_4)
FN:39,(anonymous_5)
FN:50,(anonymous_6)
FN:55,(anonymous_7)
FNF:8
FNH:0
FNDA:0,Timeline
FNDA:0,(anonymous_1)
FNDA:0,(anonymous_2)
FNDA:0,(anonymous_3)
FNDA:0,(anonymous_4)
FNDA:0,(anonymous_5)
FNDA:0,(anonymous_6)
FNDA:0,(anonymous_7)
DA:4,0
DA:6,0
DA:8,0
DA:14,0
DA:16,0
DA:23,0
DA:29,0
DA:39,0
DA:50,0
DA:56,0
LF:10
LH:0
BRDA:6,0,0,0
BRDA:6,0,1,0
BRDA:19,1,0,0
BRDA:19,1,1,0
BRDA:20,2,0,0
BRDA:20,2,1,0
BRDA:26,3,0,0
BRDA:26,3,1,0
BRDA:46,4,0,0
BRDA:46,4,1,0
BRDA:47,5,0,0
BRDA:47,5,1,0
BRDA:53,6,0,0
BRDA:53,6,1,0
BRF:14
BRH:0
end_of_record
